[08:06:09:475] [DEBUG] - com.li.service.impl.ManageServiceImpl.queryByCategory(ManageServiceImpl.java:48) - 查询列表pid:1id:1page:1
[08:06:09:651] [DEBUG] - com.li.service.impl.ManageServiceImpl.queryByCategory(ManageServiceImpl.java:48) - 查询列表pid:3id:2page:1
[08:06:09:654] [DEBUG] - com.li.service.impl.ManageServiceImpl.queryByCategory(ManageServiceImpl.java:48) - 查询列表pid:2id:1page:1
[08:06:09:660] [DEBUG] - com.li.service.impl.ManageServiceImpl.queryByCategory(ManageServiceImpl.java:48) - 查询列表pid:2id:2page:1
[08:06:09:665] [DEBUG] - com.li.service.impl.ManageServiceImpl.queryByCategory(ManageServiceImpl.java:48) - 查询列表pid:6id:1page:1
[08:06:31:001] [DEBUG] - com.li.controller.ForeController.query(ForeController.java:43) - 1
[08:06:31:014] [DEBUG] - com.li.controller.ForeController.query(ForeController.java:64) - pid=2id=1的总数count:18
[08:06:31:015] [DEBUG] - com.li.controller.ForeController.query(ForeController.java:75) - 返回到news_info
[08:06:41:578] [DEBUG] - com.li.service.impl.ForeServiceImpl.queryNews(ForeServiceImpl.java:21) - 1532160212454
[08:06:49:623] [DEBUG] - com.li.controller.ForeController.query(ForeController.java:43) - 1
[08:06:49:625] [DEBUG] - com.li.controller.ForeController.query(ForeController.java:64) - pid=2id=1的总数count:18
[08:06:49:626] [DEBUG] - com.li.controller.ForeController.query(ForeController.java:75) - 返回到news_info
[08:22:04:432] [DEBUG] - com.li.service.impl.ManageServiceImpl.queryByCategory(ManageServiceImpl.java:49) - 查询列表pid:1id:1page:1
[08:22:04:581] [DEBUG] - com.li.service.impl.ManageServiceImpl.queryByCategory(ManageServiceImpl.java:49) - 查询列表pid:3id:2page:1
[08:22:04:584] [DEBUG] - com.li.service.impl.ManageServiceImpl.queryByCategory(ManageServiceImpl.java:49) - 查询列表pid:2id:1page:1
[08:22:04:590] [DEBUG] - com.li.service.impl.ManageServiceImpl.queryByCategory(ManageServiceImpl.java:49) - 查询列表pid:2id:2page:1
[08:22:04:593] [DEBUG] - com.li.service.impl.ManageServiceImpl.queryByCategory(ManageServiceImpl.java:49) - 查询列表pid:6id:1page:1
[08:22:16:848] [DEBUG] - com.li.service.impl.ForeServiceImpl.queryNews(ForeServiceImpl.java:21) - 1532160212454
[08:22:25:044] [DEBUG] - com.li.controller.ForeController.query(ForeController.java:43) - 1
[08:22:25:049] [DEBUG] - com.li.controller.ForeController.query(ForeController.java:64) - pid=2id=1的总数count:18
[08:22:25:050] [DEBUG] - com.li.controller.ForeController.query(ForeController.java:75) - 返回到news_info
[08:23:14:879] [DEBUG] - com.li.controller.ForeController.query(ForeController.java:43) - 1
[08:23:14:880] [DEBUG] - com.li.service.impl.ManageServiceImpl.queryByCategory(ManageServiceImpl.java:49) - 查询列表pid:3id:1page:1
[08:23:14:887] [DEBUG] - com.li.controller.ForeController.query(ForeController.java:64) - pid=3id=1的总数count:1
[08:23:14:888] [DEBUG] - com.li.controller.ForeController.query(ForeController.java:75) - 返回到news_info
[08:24:23:172] [DEBUG] - com.li.security.MyUserDetailsService.loadUserByUsername(MyUserDetailsService.java:28) - admin密码$2a$10$gHonI5g6zgRb0IUHOCP5Xe8hzAl2ptHBdd2Qnc4k8fL4AOTWrQINS
[08:24:23:174] [DEBUG] - com.li.security.MyUserDetailsService.loadUserByUsername(MyUserDetailsService.java:36) - ADMIN
[08:24:23:174] [DEBUG] - com.li.security.MyUserDetailsService.loadUserByUsername(MyUserDetailsService.java:36) - USER
[08:24:23:283] [DEBUG] - com.li.controller.LoginController.login(LoginController.java:50) - totalpage2
[08:24:34:567] [DEBUG] - com.li.controller.ManageController.update(ManageController.java:163) - titleImagenull
[08:25:25:850] [DEBUG] - com.li.controller.ForeController.query(ForeController.java:43) - 1
[08:25:25:852] [DEBUG] - com.li.controller.ForeController.query(ForeController.java:64) - pid=2id=1的总数count:18
[08:25:25:853] [DEBUG] - com.li.controller.ForeController.query(ForeController.java:75) - 返回到news_info
[08:31:25:105] [DEBUG] - com.li.service.impl.ManageServiceImpl.queryByCategory(ManageServiceImpl.java:49) - 查询列表pid:1id:1page:1
[08:31:25:247] [DEBUG] - com.li.service.impl.ManageServiceImpl.queryByCategory(ManageServiceImpl.java:49) - 查询列表pid:3id:2page:1
[08:31:25:250] [DEBUG] - com.li.service.impl.ManageServiceImpl.queryByCategory(ManageServiceImpl.java:49) - 查询列表pid:2id:1page:1
[08:31:25:256] [DEBUG] - com.li.service.impl.ManageServiceImpl.queryByCategory(ManageServiceImpl.java:49) - 查询列表pid:2id:2page:1
[08:31:25:259] [DEBUG] - com.li.service.impl.ManageServiceImpl.queryByCategory(ManageServiceImpl.java:49) - 查询列表pid:6id:1page:1
[08:31:57:338] [DEBUG] - com.li.controller.ForeController.query(ForeController.java:43) - 1
[08:31:57:344] [DEBUG] - com.li.controller.ForeController.query(ForeController.java:64) - pid=2id=1的总数count:18
[08:31:57:345] [DEBUG] - com.li.controller.ForeController.query(ForeController.java:75) - 返回到news_info
[08:32:08:670] [DEBUG] - com.li.service.impl.ForeServiceImpl.queryNews(ForeServiceImpl.java:21) - 1532160212454
[08:32:24:192] [DEBUG] - com.li.security.MyUserDetailsService.loadUserByUsername(MyUserDetailsService.java:28) - admin密码$2a$10$gHonI5g6zgRb0IUHOCP5Xe8hzAl2ptHBdd2Qnc4k8fL4AOTWrQINS
[08:32:24:193] [DEBUG] - com.li.security.MyUserDetailsService.loadUserByUsername(MyUserDetailsService.java:36) - ADMIN
[08:32:24:194] [DEBUG] - com.li.security.MyUserDetailsService.loadUserByUsername(MyUserDetailsService.java:36) - USER
[08:32:24:303] [DEBUG] - com.li.controller.LoginController.login(LoginController.java:50) - totalpage2
[08:32:48:532] [DEBUG] - com.li.controller.ManageController.update(ManageController.java:163) - titleImagenull
[08:33:14:969] [DEBUG] - com.li.controller.ForeController.query(ForeController.java:43) - 1
[08:33:14:972] [DEBUG] - com.li.controller.ForeController.query(ForeController.java:64) - pid=2id=1的总数count:18
[08:33:14:973] [DEBUG] - com.li.controller.ForeController.query(ForeController.java:75) - 返回到news_info
[08:37:04:946] [DEBUG] - com.li.service.impl.ManageServiceImpl.queryByCategory(ManageServiceImpl.java:49) - 查询列表pid:1id:1page:1
[08:37:05:043] [DEBUG] - com.li.service.impl.ManageServiceImpl.queryByCategory(ManageServiceImpl.java:49) - 查询列表pid:3id:2page:1
[08:37:05:046] [DEBUG] - com.li.service.impl.ManageServiceImpl.queryByCategory(ManageServiceImpl.java:49) - 查询列表pid:2id:1page:1
[08:37:05:051] [DEBUG] - com.li.service.impl.ManageServiceImpl.queryByCategory(ManageServiceImpl.java:49) - 查询列表pid:2id:2page:1
[08:37:05:054] [DEBUG] - com.li.service.impl.ManageServiceImpl.queryByCategory(ManageServiceImpl.java:49) - 查询列表pid:6id:1page:1
[08:37:12:138] [DEBUG] - com.li.controller.ForeController.query(ForeController.java:43) - 1
[08:37:12:145] [DEBUG] - com.li.controller.ForeController.query(ForeController.java:64) - pid=2id=1的总数count:18
[08:37:12:146] [DEBUG] - com.li.controller.ForeController.query(ForeController.java:75) - 返回到news_info
[08:37:13:586] [DEBUG] - com.li.service.impl.ForeServiceImpl.queryNews(ForeServiceImpl.java:21) - 1532160212454
[08:37:37:930] [DEBUG] - com.li.security.MyUserDetailsService.loadUserByUsername(MyUserDetailsService.java:28) - admin密码$2a$10$gHonI5g6zgRb0IUHOCP5Xe8hzAl2ptHBdd2Qnc4k8fL4AOTWrQINS
[08:37:37:931] [DEBUG] - com.li.security.MyUserDetailsService.loadUserByUsername(MyUserDetailsService.java:36) - ADMIN
[08:37:37:932] [DEBUG] - com.li.security.MyUserDetailsService.loadUserByUsername(MyUserDetailsService.java:36) - USER
[08:37:38:047] [DEBUG] - com.li.controller.LoginController.login(LoginController.java:50) - totalpage2
[08:37:40:137] [DEBUG] - com.li.controller.ManageController.update(ManageController.java:163) - titleImagenull
[08:38:08:184] [DEBUG] - com.li.controller.ForeController.query(ForeController.java:43) - 1
[08:38:08:187] [DEBUG] - com.li.controller.ForeController.query(ForeController.java:64) - pid=2id=1的总数count:18
[08:38:08:187] [DEBUG] - com.li.controller.ForeController.query(ForeController.java:75) - 返回到news_info
[08:40:25:255] [DEBUG] - com.li.service.impl.ManageServiceImpl.queryByCategory(ManageServiceImpl.java:49) - 查询列表pid:1id:1page:1
[08:40:25:333] [DEBUG] - com.li.service.impl.ManageServiceImpl.queryByCategory(ManageServiceImpl.java:49) - 查询列表pid:3id:2page:1
[08:40:25:335] [DEBUG] - com.li.service.impl.ManageServiceImpl.queryByCategory(ManageServiceImpl.java:49) - 查询列表pid:2id:1page:1
[08:40:25:340] [DEBUG] - com.li.service.impl.ManageServiceImpl.queryByCategory(ManageServiceImpl.java:49) - 查询列表pid:2id:2page:1
[08:40:25:344] [DEBUG] - com.li.service.impl.ManageServiceImpl.queryByCategory(ManageServiceImpl.java:49) - 查询列表pid:6id:1page:1
[08:40:36:965] [DEBUG] - com.li.security.MyUserDetailsService.loadUserByUsername(MyUserDetailsService.java:28) - admin密码$2a$10$gHonI5g6zgRb0IUHOCP5Xe8hzAl2ptHBdd2Qnc4k8fL4AOTWrQINS
[08:40:36:967] [DEBUG] - com.li.security.MyUserDetailsService.loadUserByUsername(MyUserDetailsService.java:36) - ADMIN
[08:40:36:967] [DEBUG] - com.li.security.MyUserDetailsService.loadUserByUsername(MyUserDetailsService.java:36) - USER
[08:40:37:075] [DEBUG] - com.li.controller.LoginController.login(LoginController.java:50) - totalpage2
[08:40:39:903] [DEBUG] - com.li.service.impl.ForeServiceImpl.queryNews(ForeServiceImpl.java:21) - 1532160212454
[08:40:39:909] [DEBUG] - com.li.controller.ManageController.update(ManageController.java:163) - titleImagenull
[08:40:53:570] [DEBUG] - com.li.controller.ForeController.query(ForeController.java:43) - 1
[08:40:53:574] [DEBUG] - com.li.controller.ForeController.query(ForeController.java:64) - pid=2id=1的总数count:18
[08:40:53:575] [DEBUG] - com.li.controller.ForeController.query(ForeController.java:75) - 返回到news_info
[08:40:55:303] [DEBUG] - com.li.service.impl.ForeServiceImpl.queryNews(ForeServiceImpl.java:21) - 1532160212454
[08:41:07:294] [DEBUG] - com.li.controller.LoginController.login(LoginController.java:50) - totalpage2
[08:41:22:001] [DEBUG] - com.li.controller.ManageController.delete(ManageController.java:145) - 删除1
[08:41:22:024] [DEBUG] - com.li.controller.ManageController.query(ManageController.java:233) - pid=2id=1的总数count:17
[08:41:22:025] [DEBUG] - com.li.controller.ManageController.query(ManageController.java:239) - querybyBackList
[08:41:27:882] [DEBUG] - com.li.controller.ManageController.query(ManageController.java:233) - pid=2id=1的总数count:17
[08:41:27:883] [DEBUG] - com.li.controller.ManageController.query(ManageController.java:239) - querybyBackList
[08:41:29:904] [DEBUG] - com.li.controller.ManageController.query(ManageController.java:233) - pid=2id=1的总数count:17
[08:41:29:905] [DEBUG] - com.li.controller.ManageController.query(ManageController.java:239) - querybyBackList
[08:41:32:998] [DEBUG] - com.li.controller.ForeController.query(ForeController.java:43) - 1
[08:41:33:000] [DEBUG] - com.li.controller.ForeController.query(ForeController.java:64) - pid=2id=1的总数count:17
[08:41:33:001] [DEBUG] - com.li.controller.ForeController.query(ForeController.java:75) - 返回到news_info
[08:41:34:815] [DEBUG] - com.li.controller.ForeController.query(ForeController.java:43) - 1
[08:41:34:819] [DEBUG] - com.li.controller.ForeController.query(ForeController.java:64) - pid=2id=1的总数count:17
[08:41:34:819] [DEBUG] - com.li.controller.ForeController.query(ForeController.java:75) - 返回到news_info
[08:41:36:876] [DEBUG] - com.li.service.impl.ForeServiceImpl.queryNews(ForeServiceImpl.java:21) - 1532160167289
[08:49:22:083] [DEBUG] - com.li.service.impl.ManageServiceImpl.queryByCategory(ManageServiceImpl.java:49) - 查询列表pid:1id:1page:1
[08:49:22:190] [DEBUG] - com.li.service.impl.ManageServiceImpl.queryByCategory(ManageServiceImpl.java:49) - 查询列表pid:3id:2page:1
[08:49:22:193] [DEBUG] - com.li.service.impl.ManageServiceImpl.queryByCategory(ManageServiceImpl.java:49) - 查询列表pid:2id:1page:1
[08:49:22:201] [DEBUG] - com.li.service.impl.ManageServiceImpl.queryByCategory(ManageServiceImpl.java:49) - 查询列表pid:2id:2page:1
[08:49:22:204] [DEBUG] - com.li.service.impl.ManageServiceImpl.queryByCategory(ManageServiceImpl.java:49) - 查询列表pid:6id:1page:1
[08:49:25:241] [DEBUG] - com.li.controller.ForeController.query(ForeController.java:43) - 1
[08:49:25:247] [DEBUG] - com.li.controller.ForeController.query(ForeController.java:64) - pid=2id=1的总数count:17
[08:49:25:248] [DEBUG] - com.li.controller.ForeController.query(ForeController.java:75) - 返回到news_info
[08:49:38:118] [DEBUG] - com.li.security.MyUserDetailsService.loadUserByUsername(MyUserDetailsService.java:28) - admin密码$2a$10$gHonI5g6zgRb0IUHOCP5Xe8hzAl2ptHBdd2Qnc4k8fL4AOTWrQINS
[08:49:38:119] [DEBUG] - com.li.security.MyUserDetailsService.loadUserByUsername(MyUserDetailsService.java:36) - ADMIN
[08:49:38:121] [DEBUG] - com.li.security.MyUserDetailsService.loadUserByUsername(MyUserDetailsService.java:36) - USER
[08:49:38:244] [DEBUG] - com.li.controller.LoginController.login(LoginController.java:50) - totalpage2
[08:49:42:439] [DEBUG] - com.li.controller.ManageController.delete(ManageController.java:145) - 删除1
[08:49:42:469] [DEBUG] - com.li.service.impl.ManageServiceImpl.queryByCategory(ManageServiceImpl.java:49) - 查询列表pid:2id:1page:1
[08:49:42:480] [DEBUG] - com.li.controller.ManageController.query(ManageController.java:233) - pid=2id=1的总数count:16
[08:49:42:481] [DEBUG] - com.li.controller.ManageController.query(ManageController.java:239) - querybyBackList
[08:49:45:124] [DEBUG] - com.li.controller.ManageController.query(ManageController.java:233) - pid=2id=1的总数count:16
[08:49:45:125] [DEBUG] - com.li.controller.ManageController.query(ManageController.java:239) - querybyBackList
[08:49:46:824] [DEBUG] - com.li.controller.ManageController.query(ManageController.java:233) - pid=2id=1的总数count:16
[08:49:46:825] [DEBUG] - com.li.controller.ManageController.query(ManageController.java:239) - querybyBackList
[08:49:50:215] [DEBUG] - com.li.service.impl.ForeServiceImpl.queryNews(ForeServiceImpl.java:21) - 1532160121809
[08:50:04:102] [DEBUG] - com.li.controller.ForeController.query(ForeController.java:43) - 1
[08:50:04:105] [DEBUG] - com.li.controller.ForeController.query(ForeController.java:64) - pid=2id=1的总数count:16
[08:50:04:106] [DEBUG] - com.li.controller.ForeController.query(ForeController.java:75) - 返回到news_info
[08:51:22:656] [DEBUG] - com.li.service.impl.ManageServiceImpl.queryByCategory(ManageServiceImpl.java:49) - 查询列表pid:1id:1page:1
[08:51:22:741] [DEBUG] - com.li.service.impl.ManageServiceImpl.queryByCategory(ManageServiceImpl.java:49) - 查询列表pid:3id:2page:1
[08:51:22:743] [DEBUG] - com.li.service.impl.ManageServiceImpl.queryByCategory(ManageServiceImpl.java:49) - 查询列表pid:2id:1page:1
[08:51:22:749] [DEBUG] - com.li.service.impl.ManageServiceImpl.queryByCategory(ManageServiceImpl.java:49) - 查询列表pid:2id:2page:1
[08:51:22:752] [DEBUG] - com.li.service.impl.ManageServiceImpl.queryByCategory(ManageServiceImpl.java:49) - 查询列表pid:6id:1page:1
[08:51:32:954] [DEBUG] - com.li.security.MyUserDetailsService.loadUserByUsername(MyUserDetailsService.java:28) - admin密码$2a$10$gHonI5g6zgRb0IUHOCP5Xe8hzAl2ptHBdd2Qnc4k8fL4AOTWrQINS
[08:51:32:956] [DEBUG] - com.li.security.MyUserDetailsService.loadUserByUsername(MyUserDetailsService.java:36) - ADMIN
[08:51:32:957] [DEBUG] - com.li.security.MyUserDetailsService.loadUserByUsername(MyUserDetailsService.java:36) - USER
[08:51:33:082] [DEBUG] - com.li.controller.LoginController.login(LoginController.java:50) - totalpage2
[08:51:36:374] [DEBUG] - com.li.controller.ForeController.query(ForeController.java:43) - 1
[08:51:36:378] [DEBUG] - com.li.controller.ForeController.query(ForeController.java:64) - pid=2id=1的总数count:16
[08:51:36:379] [DEBUG] - com.li.controller.ForeController.query(ForeController.java:75) - 返回到news_info
[08:51:37:761] [DEBUG] - com.li.controller.ForeController.query(ForeController.java:43) - 1
[08:51:37:764] [DEBUG] - com.li.controller.ForeController.query(ForeController.java:64) - pid=2id=1的总数count:16
[08:51:37:764] [DEBUG] - com.li.controller.ForeController.query(ForeController.java:75) - 返回到news_info
[08:51:40:943] [DEBUG] - com.li.controller.LoginController.login(LoginController.java:50) - totalpage2
[08:51:43:140] [DEBUG] - com.li.service.impl.ForeServiceImpl.queryNews(ForeServiceImpl.java:21) - 1532160121809
[08:51:43:149] [DEBUG] - com.li.controller.ManageController.update(ManageController.java:163) - titleImagenull
[08:51:53:772] [DEBUG] - com.li.controller.ForeController.query(ForeController.java:43) - 1
[08:51:53:775] [DEBUG] - com.li.controller.ForeController.query(ForeController.java:64) - pid=2id=1的总数count:16
[08:51:53:776] [DEBUG] - com.li.controller.ForeController.query(ForeController.java:75) - 返回到news_info
[08:52:57:103] [DEBUG] - com.li.service.impl.ManageServiceImpl.queryByCategory(ManageServiceImpl.java:49) - 查询列表pid:1id:1page:1
[08:52:57:221] [DEBUG] - com.li.service.impl.ManageServiceImpl.queryByCategory(ManageServiceImpl.java:49) - 查询列表pid:3id:2page:1
[08:52:57:224] [DEBUG] - com.li.service.impl.ManageServiceImpl.queryByCategory(ManageServiceImpl.java:49) - 查询列表pid:2id:1page:1
[08:52:57:230] [DEBUG] - com.li.service.impl.ManageServiceImpl.queryByCategory(ManageServiceImpl.java:49) - 查询列表pid:2id:2page:1
[08:52:57:233] [DEBUG] - com.li.service.impl.ManageServiceImpl.queryByCategory(ManageServiceImpl.java:49) - 查询列表pid:6id:1page:1
[08:53:07:666] [DEBUG] - com.li.security.MyUserDetailsService.loadUserByUsername(MyUserDetailsService.java:28) - admin密码$2a$10$gHonI5g6zgRb0IUHOCP5Xe8hzAl2ptHBdd2Qnc4k8fL4AOTWrQINS
[08:53:07:667] [DEBUG] - com.li.security.MyUserDetailsService.loadUserByUsername(MyUserDetailsService.java:36) - ADMIN
[08:53:07:667] [DEBUG] - com.li.security.MyUserDetailsService.loadUserByUsername(MyUserDetailsService.java:36) - USER
[08:53:07:774] [DEBUG] - com.li.controller.LoginController.login(LoginController.java:50) - totalpage2
[08:53:11:861] [DEBUG] - com.li.controller.ForeController.query(ForeController.java:43) - 1
[08:53:14:420] [DEBUG] - com.li.controller.ForeController.query(ForeController.java:43) - 1
[08:53:14:422] [DEBUG] - com.li.controller.ForeController.query(ForeController.java:64) - pid=2id=1的总数count:16
[08:53:14:423] [DEBUG] - com.li.controller.ForeController.query(ForeController.java:75) - 返回到news_info
[08:53:16:466] [DEBUG] - com.li.controller.LoginController.login(LoginController.java:50) - totalpage2
[08:53:18:264] [DEBUG] - com.li.service.impl.ForeServiceImpl.queryNews(ForeServiceImpl.java:21) - 1532160121809
[08:53:18:270] [DEBUG] - com.li.controller.ManageController.update(ManageController.java:163) - titleImagenull
[08:53:25:413] [DEBUG] - com.li.controller.ForeController.query(ForeController.java:43) - 1
[08:53:25:415] [DEBUG] - com.li.service.impl.ManageServiceImpl.queryByCategory(ManageServiceImpl.java:49) - 查询列表pid:2id:1page:1
[08:53:25:425] [DEBUG] - com.li.controller.ForeController.query(ForeController.java:64) - pid=2id=1的总数count:16
[08:53:25:426] [DEBUG] - com.li.controller.ForeController.query(ForeController.java:75) - 返回到news_info
[08:53:26:768] [DEBUG] - com.li.service.impl.ForeServiceImpl.queryNews(ForeServiceImpl.java:21) - 1532160121809
[08:53:39:669] [DEBUG] - com.li.controller.ForeController.query(ForeController.java:43) - 1
[08:53:39:672] [DEBUG] - com.li.controller.ForeController.query(ForeController.java:64) - pid=2id=1的总数count:16
[08:53:39:673] [DEBUG] - com.li.controller.ForeController.query(ForeController.java:75) - 返回到news_info
[08:57:30:378] [DEBUG] - com.li.service.impl.ManageServiceImpl.queryByCategory(ManageServiceImpl.java:49) - 查询列表pid:1id:1page:1
[08:57:30:465] [DEBUG] - com.li.service.impl.ManageServiceImpl.queryByCategory(ManageServiceImpl.java:49) - 查询列表pid:3id:2page:1
[08:57:30:468] [DEBUG] - com.li.service.impl.ManageServiceImpl.queryByCategory(ManageServiceImpl.java:49) - 查询列表pid:2id:1page:1
[08:57:30:473] [DEBUG] - com.li.service.impl.ManageServiceImpl.queryByCategory(ManageServiceImpl.java:49) - 查询列表pid:2id:2page:1
[08:57:30:477] [DEBUG] - com.li.service.impl.ManageServiceImpl.queryByCategory(ManageServiceImpl.java:49) - 查询列表pid:6id:1page:1
[08:57:46:515] [DEBUG] - com.li.controller.ForeController.query(ForeController.java:43) - 1
[08:57:46:523] [DEBUG] - com.li.controller.ForeController.query(ForeController.java:64) - pid=2id=1的总数count:16
[08:57:46:524] [DEBUG] - com.li.controller.ForeController.query(ForeController.java:75) - 返回到news_info
[08:57:54:254] [DEBUG] - com.li.service.impl.ForeServiceImpl.queryNews(ForeServiceImpl.java:21) - 1532160121809
[08:58:04:805] [DEBUG] - com.li.controller.ForeController.query(ForeController.java:43) - 1
[08:58:04:806] [DEBUG] - com.li.controller.ForeController.query(ForeController.java:64) - pid=2id=1的总数count:16
[08:58:04:807] [DEBUG] - com.li.controller.ForeController.query(ForeController.java:75) - 返回到news_info
[08:58:35:562] [DEBUG] - com.li.controller.ForeController.query(ForeController.java:43) - 1
[08:58:35:564] [DEBUG] - com.li.controller.ForeController.query(ForeController.java:64) - pid=2id=1的总数count:16
[08:58:35:564] [DEBUG] - com.li.controller.ForeController.query(ForeController.java:75) - 返回到news_info
[08:59:21:399] [DEBUG] - com.li.service.impl.ManageServiceImpl.queryByCategory(ManageServiceImpl.java:49) - 查询列表pid:1id:1page:1
[08:59:21:507] [DEBUG] - com.li.service.impl.ManageServiceImpl.queryByCategory(ManageServiceImpl.java:49) - 查询列表pid:3id:2page:1
[08:59:21:509] [DEBUG] - com.li.service.impl.ManageServiceImpl.queryByCategory(ManageServiceImpl.java:49) - 查询列表pid:2id:1page:1
[08:59:21:515] [DEBUG] - com.li.service.impl.ManageServiceImpl.queryByCategory(ManageServiceImpl.java:49) - 查询列表pid:2id:2page:1
[08:59:21:518] [DEBUG] - com.li.service.impl.ManageServiceImpl.queryByCategory(ManageServiceImpl.java:49) - 查询列表pid:6id:1page:1
[08:59:35:091] [DEBUG] - com.li.controller.ForeController.query(ForeController.java:43) - 1
[08:59:35:093] [DEBUG] - com.li.service.impl.ManageServiceImpl.selectCount(ManageServiceImpl.java:86) - selectCount
[08:59:35:098] [DEBUG] - com.li.controller.ForeController.query(ForeController.java:64) - pid=2id=1的总数count:16
[08:59:35:099] [DEBUG] - com.li.controller.ForeController.query(ForeController.java:75) - 返回到news_info
[08:59:44:688] [DEBUG] - com.li.service.impl.ForeServiceImpl.queryNews(ForeServiceImpl.java:21) - 1532160121809
[08:59:49:421] [DEBUG] - com.li.controller.ForeController.query(ForeController.java:43) - 1
[08:59:49:422] [DEBUG] - com.li.controller.ForeController.query(ForeController.java:64) - pid=2id=1的总数count:16
[08:59:49:423] [DEBUG] - com.li.controller.ForeController.query(ForeController.java:75) - 返回到news_info
[09:00:27:331] [DEBUG] - com.li.security.MyUserDetailsService.loadUserByUsername(MyUserDetailsService.java:28) - admin密码$2a$10$gHonI5g6zgRb0IUHOCP5Xe8hzAl2ptHBdd2Qnc4k8fL4AOTWrQINS
[09:00:27:332] [DEBUG] - com.li.security.MyUserDetailsService.loadUserByUsername(MyUserDetailsService.java:36) - ADMIN
[09:00:27:334] [DEBUG] - com.li.security.MyUserDetailsService.loadUserByUsername(MyUserDetailsService.java:36) - USER
[09:00:27:439] [DEBUG] - com.li.controller.LoginController.login(LoginController.java:50) - totalpage2
[09:00:37:290] [DEBUG] - com.li.controller.ManageController.update(ManageController.java:163) - titleImagenull
[09:00:56:194] [DEBUG] - com.li.controller.ForeController.query(ForeController.java:43) - 1
[09:00:56:196] [DEBUG] - com.li.service.impl.ManageServiceImpl.queryByCategory(ManageServiceImpl.java:49) - 查询列表pid:2id:1page:1
[09:00:56:205] [DEBUG] - com.li.controller.ForeController.query(ForeController.java:64) - pid=2id=1的总数count:16
[09:00:56:206] [DEBUG] - com.li.controller.ForeController.query(ForeController.java:75) - 返回到news_info
[09:01:07:705] [DEBUG] - com.li.controller.LoginController.login(LoginController.java:50) - totalpage2
[09:01:10:457] [DEBUG] - com.li.controller.ManageController.delete(ManageController.java:145) - 删除1
[09:01:10:487] [DEBUG] - com.li.service.impl.ManageServiceImpl.queryByCategory(ManageServiceImpl.java:49) - 查询列表pid:2id:1page:1
[09:01:10:493] [DEBUG] - com.li.service.impl.ManageServiceImpl.selectCount(ManageServiceImpl.java:86) - selectCount
[09:01:10:496] [DEBUG] - com.li.controller.ManageController.query(ManageController.java:233) - pid=2id=1的总数count:15
[09:01:10:496] [DEBUG] - com.li.controller.ManageController.query(ManageController.java:239) - querybyBackList
[09:01:49:215] [DEBUG] - com.li.service.impl.ManageServiceImpl.queryByCategory(ManageServiceImpl.java:49) - 查询列表pid:1id:1page:1
[09:01:49:324] [DEBUG] - com.li.service.impl.ManageServiceImpl.queryByCategory(ManageServiceImpl.java:49) - 查询列表pid:3id:2page:1
[09:01:49:327] [DEBUG] - com.li.service.impl.ManageServiceImpl.queryByCategory(ManageServiceImpl.java:49) - 查询列表pid:2id:1page:1
[09:01:49:335] [DEBUG] - com.li.service.impl.ManageServiceImpl.queryByCategory(ManageServiceImpl.java:49) - 查询列表pid:2id:2page:1
[09:01:49:339] [DEBUG] - com.li.service.impl.ManageServiceImpl.queryByCategory(ManageServiceImpl.java:49) - 查询列表pid:6id:1page:1
[09:02:06:001] [DEBUG] - com.li.controller.ForeController.query(ForeController.java:43) - 1
[09:02:07:915] [DEBUG] - com.li.controller.ForeController.query(ForeController.java:43) - 1
[09:02:07:917] [DEBUG] - com.li.service.impl.ManageServiceImpl.selectCount(ManageServiceImpl.java:86) - selectCount
[09:02:07:922] [DEBUG] - com.li.controller.ForeController.query(ForeController.java:64) - pid=2id=1的总数count:15
[09:02:07:923] [DEBUG] - com.li.controller.ForeController.query(ForeController.java:75) - 返回到news_info
[09:40:02:734] [DEBUG] - com.li.service.impl.ManageServiceImpl.queryByCategory(ManageServiceImpl.java:49) - 查询列表pid:1id:1page:1
[09:42:11:636] [DEBUG] - com.li.service.impl.ManageServiceImpl.queryByCategory(ManageServiceImpl.java:49) - 查询列表pid:1id:1page:1
[09:42:11:725] [DEBUG] - com.li.service.impl.ManageServiceImpl.queryByCategory(ManageServiceImpl.java:49) - 查询列表pid:3id:2page:1
[09:42:11:729] [DEBUG] - com.li.service.impl.ManageServiceImpl.queryByCategory(ManageServiceImpl.java:49) - 查询列表pid:2id:1page:1
[09:42:11:735] [DEBUG] - com.li.service.impl.ManageServiceImpl.queryByCategory(ManageServiceImpl.java:49) - 查询列表pid:2id:2page:1
[09:42:11:738] [DEBUG] - com.li.service.impl.ManageServiceImpl.queryByCategory(ManageServiceImpl.java:49) - 查询列表pid:6id:1page:1
[09:43:53:670] [DEBUG] - com.li.controller.ForeController.query(ForeController.java:43) - 1
[09:46:12:468] [DEBUG] - com.li.service.impl.ManageServiceImpl.queryByCategory(ManageServiceImpl.java:49) - 查询列表pid:1id:1page:1
[09:46:12:543] [DEBUG] - com.li.service.impl.ManageServiceImpl.queryByCategory(ManageServiceImpl.java:49) - 查询列表pid:3id:2page:1
[09:46:12:546] [DEBUG] - com.li.service.impl.ManageServiceImpl.queryByCategory(ManageServiceImpl.java:49) - 查询列表pid:2id:1page:1
[09:46:12:551] [DEBUG] - com.li.service.impl.ManageServiceImpl.queryByCategory(ManageServiceImpl.java:49) - 查询列表pid:2id:2page:1
[09:46:12:554] [DEBUG] - com.li.service.impl.ManageServiceImpl.queryByCategory(ManageServiceImpl.java:49) - 查询列表pid:6id:1page:1
[09:46:17:500] [DEBUG] - com.li.controller.ForeController.query(ForeController.java:43) - 1
[09:46:17:502] [DEBUG] - com.li.service.impl.ManageServiceImpl.selectCount(ManageServiceImpl.java:86) - selectCount
[09:46:17:507] [DEBUG] - com.li.controller.ForeController.query(ForeController.java:64) - pid=2id=1的总数count:15
[09:46:17:508] [DEBUG] - com.li.controller.ForeController.query(ForeController.java:75) - 返回到news_info
[09:46:28:990] [DEBUG] - com.li.controller.ForeController.query(ForeController.java:43) - 1
[09:46:28:991] [DEBUG] - com.li.controller.ForeController.query(ForeController.java:64) - pid=2id=1的总数count:15
[09:46:28:992] [DEBUG] - com.li.controller.ForeController.query(ForeController.java:75) - 返回到news_info
[09:46:48:316] [DEBUG] - com.li.service.impl.ForeServiceImpl.queryNews(ForeServiceImpl.java:21) - 1532159655042
