16:01:38.284 DEBUG com.li.service.impl.ManageServiceImpl 47 queryByCategory - 查询列表pid:3id:2page:1
16:01:38.294 DEBUG com.li.service.impl.ManageServiceImpl 47 queryByCategory - 查询列表pid:2id:1page:1
16:01:38.299 DEBUG com.li.service.impl.ManageServiceImpl 47 queryByCategory - 查询列表pid:2id:2page:1
16:01:38.302 DEBUG com.li.service.impl.ManageServiceImpl 47 queryByCategory - 查询列表pid:6id:1page:1
16:01:49.463 DEBUG com.li.security.MyUserDetailsService 28 loadUserByUsername - admin密码$2a$10$gHonI5g6zgRb0IUHOCP5Xe8hzAl2ptHBdd2Qnc4k8fL4AOTWrQINS
16:01:49.465 DEBUG com.li.security.MyUserDetailsService 36 loadUserByUsername - ADMIN
16:01:49.466 DEBUG com.li.security.MyUserDetailsService 36 loadUserByUsername - USER
16:01:49.572 DEBUG com.li.service.impl.ManageServiceImpl 47 queryByCategory - 查询列表pid:2id:1page:1
16:01:49.583 DEBUG com.li.controller.LoginController 48 login - totalpage2
16:02:01.806 DEBUG com.li.controller.ManageController 98 insert - 
16:02:01.829 DEBUG com.li.service.impl.ForeServiceImpl 19 queryNews - 1532160121809
16:02:36.120 DEBUG com.li.service.impl.ManageServiceImpl 47 queryByCategory - 查询列表pid:3id:2page:1
16:02:36.123 DEBUG com.li.service.impl.ManageServiceImpl 47 queryByCategory - 查询列表pid:2id:1page:1
16:02:36.129 DEBUG com.li.service.impl.ManageServiceImpl 47 queryByCategory - 查询列表pid:2id:2page:1
16:02:36.131 DEBUG com.li.service.impl.ManageServiceImpl 47 queryByCategory - 查询列表pid:6id:1page:1
16:02:38.511 DEBUG com.li.service.impl.ManageServiceImpl 47 queryByCategory - 查询列表pid:2id:1page:1
16:02:38.521 DEBUG com.li.controller.LoginController 48 login - totalpage2
16:02:47.287 DEBUG com.li.controller.ManageController 98 insert - dfgg
16:02:47.295 DEBUG com.li.service.impl.ForeServiceImpl 19 queryNews - 1532160167289
16:02:57.262 DEBUG com.li.service.impl.ManageServiceImpl 47 queryByCategory - 查询列表pid:2id:1page:1
16:02:57.271 DEBUG com.li.controller.LoginController 48 login - totalpage2
16:03:10.470 DEBUG com.li.controller.NewsImageController 64 uploadImage1 - 上传
16:03:10.478 DEBUG com.li.controller.NewsImageController 91 uploadImage1 - callback1fileUrl/displayImage/1.PNG
16:03:28.292 DEBUG com.li.controller.NewsImageController 64 uploadImage1 - 上传
16:03:28.295 DEBUG com.li.controller.NewsImageController 91 uploadImage1 - callback1fileUrl/displayImage/1530612569808.png
16:03:32.453 DEBUG com.li.controller.ManageController 98 insert - 
16:03:32.460 DEBUG com.li.service.impl.ForeServiceImpl 19 queryNews - 1532160212454
