07-03-2018 DEBUG c.l.s.i.ManageServiceImpl [http-nio-9002-exec-1] 查询列表pid:2id:3page:1
07-03-2018 DEBUG c.l.s.i.ManageServiceImpl [http-nio-9002-exec-1] 查询列表pid:2id:1page:1
07-03-2018 DEBUG c.l.s.i.ManageServiceImpl [http-nio-9002-exec-1] 查询列表pid:2id:2page:1
07-03-2018 DEBUG c.l.s.i.ManageServiceImpl [http-nio-9002-exec-1] 查询列表pid:6id:1page:1
07-03-2018 DEBUG c.l.s.i.ManageServiceImpl [http-nio-9002-exec-2] 查询列表pid:2id:3page:1
07-03-2018 DEBUG c.l.s.i.ManageServiceImpl [http-nio-9002-exec-2] 查询列表pid:2id:1page:1
07-03-2018 DEBUG c.l.s.i.ManageServiceImpl [http-nio-9002-exec-2] 查询列表pid:2id:2page:1
07-03-2018 DEBUG c.l.s.i.ManageServiceImpl [http-nio-9002-exec-2] 查询列表pid:6id:1page:1
07-03-2018 DEBUG c.l.s.MyUserDetailsService [http-nio-9002-exec-6] admin密码$2a$10$gHonI5g6zgRb0IUHOCP5Xe8hzAl2ptHBdd2Qnc4k8fL4AOTWrQINS
07-03-2018 DEBUG c.l.s.MyUserDetailsService [http-nio-9002-exec-6] ADMIN
07-03-2018 DEBUG c.l.s.MyUserDetailsService [http-nio-9002-exec-6] USER
07-03-2018 DEBUG c.l.s.i.ManageServiceImpl [http-nio-9002-exec-6] 查询列表pid:2id:1page:1
07-03-2018 DEBUG c.l.s.i.ManageServiceImpl [http-nio-9002-exec-1] 查询列表pid:2id:3page:1
07-03-2018 DEBUG c.l.s.i.ManageServiceImpl [http-nio-9002-exec-1] 查询列表pid:2id:1page:1
07-03-2018 DEBUG c.l.s.i.ManageServiceImpl [http-nio-9002-exec-1] 查询列表pid:2id:2page:1
07-03-2018 DEBUG c.l.s.i.ManageServiceImpl [http-nio-9002-exec-1] 查询列表pid:6id:1page:1
07-03-2018 DEBUG c.l.s.MyUserDetailsService [http-nio-9002-exec-4] admin密码$2a$10$gHonI5g6zgRb0IUHOCP5Xe8hzAl2ptHBdd2Qnc4k8fL4AOTWrQINS
07-03-2018 DEBUG c.l.s.MyUserDetailsService [http-nio-9002-exec-4] ADMIN
07-03-2018 DEBUG c.l.s.MyUserDetailsService [http-nio-9002-exec-4] USER
07-03-2018 DEBUG c.l.s.i.ManageServiceImpl [http-nio-9002-exec-7] 查询列表pid:2id:1page:1
07-03-2018 DEBUG c.l.s.i.ResearchTeamServiceImpl [http-nio-9002-exec-2] [教授]
07-03-2018 DEBUG c.l.c.ManageController [http-nio-9002-exec-2] {教授=[NewsList{htmlid=1529754720640, pid='4', id='1', title='cheng', date='2018-06-23', titleImage='/displayImage/1.png', type='教授'}, NewsList{htmlid=1530153601709, pid='4', id='1', title='adg', date='2018-06-28', titleImage='', type='教授'}, NewsList{htmlid=1530153778771, pid='4', id='1', title='dafd', date='2018-06-28', titleImage='', type='教授'}, NewsList{htmlid=1530154829816, pid='4', id='1', title='sdf', date='2018-06-28', titleImage='', type='教授'}, NewsList{htmlid=1530154996701, pid='4', id='1', title='dsaf', date='2018-06-28', titleImage='/displayImage/1530154996696.png', type='教授'}, NewsList{htmlid=1530155097707, pid='4', id='1', title='dsfs', date='2018-06-28', titleImage='/displayImage/1530155097703.png', type='教授'}, NewsList{htmlid=1530585009799, pid='4', id='1', title='sd', date='2018-07-03', titleImage='', type='教授'}]}
07-03-2018 DEBUG c.l.s.i.ManageServiceImpl [http-nio-9002-exec-10] 查询列表pid:3id:1page:1
07-03-2018 DEBUG c.l.c.ManageController [http-nio-9002-exec-10] pid=3id=1的总数count:1
07-03-2018 DEBUG c.l.c.ManageController [http-nio-9002-exec-10] querybyBackList
07-03-2018 DEBUG c.l.s.i.ManageServiceImpl [http-nio-9002-exec-1] 查询列表pid:2id:3page:1
07-03-2018 DEBUG c.l.s.i.ManageServiceImpl [http-nio-9002-exec-1] 查询列表pid:2id:1page:1
07-03-2018 DEBUG c.l.s.i.ManageServiceImpl [http-nio-9002-exec-1] 查询列表pid:2id:2page:1
07-03-2018 DEBUG c.l.s.i.ManageServiceImpl [http-nio-9002-exec-1] 查询列表pid:6id:1page:1
07-03-2018 DEBUG c.l.s.i.ManageServiceImpl [http-nio-9002-exec-1] 查询列表pid:2id:3page:1
07-03-2018 DEBUG c.l.s.i.ManageServiceImpl [http-nio-9002-exec-1] 查询列表pid:2id:1page:1
07-03-2018 DEBUG c.l.s.i.ManageServiceImpl [http-nio-9002-exec-1] 查询列表pid:2id:2page:1
07-03-2018 DEBUG c.l.s.i.ManageServiceImpl [http-nio-9002-exec-1] 查询列表pid:6id:1page:1
07-03-2018 DEBUG c.l.s.i.ManageServiceImpl [http-nio-9002-exec-10] 查询列表pid:2id:3page:1
07-03-2018 DEBUG c.l.s.i.ManageServiceImpl [http-nio-9002-exec-10] 查询列表pid:2id:1page:1
07-03-2018 DEBUG c.l.s.i.ManageServiceImpl [http-nio-9002-exec-10] 查询列表pid:2id:2page:1
07-03-2018 DEBUG c.l.s.i.ManageServiceImpl [http-nio-9002-exec-10] 查询列表pid:6id:1page:1
07-03-2018 DEBUG c.l.s.i.ManageServiceImpl [http-nio-9002-exec-9] 查询列表pid:2id:3page:1
07-03-2018 DEBUG c.l.s.i.ManageServiceImpl [http-nio-9002-exec-9] 查询列表pid:2id:1page:1
07-03-2018 DEBUG c.l.s.i.ManageServiceImpl [http-nio-9002-exec-9] 查询列表pid:2id:2page:1
07-03-2018 DEBUG c.l.s.i.ManageServiceImpl [http-nio-9002-exec-9] 查询列表pid:6id:1page:1
07-03-2018 DEBUG c.l.s.MyUserDetailsService [http-nio-9002-exec-3] admin密码$2a$10$gHonI5g6zgRb0IUHOCP5Xe8hzAl2ptHBdd2Qnc4k8fL4AOTWrQINS
07-03-2018 DEBUG c.l.s.MyUserDetailsService [http-nio-9002-exec-3] ADMIN
07-03-2018 DEBUG c.l.s.MyUserDetailsService [http-nio-9002-exec-3] USER
07-03-2018 DEBUG c.l.s.i.ManageServiceImpl [http-nio-9002-exec-1] 查询列表pid:2id:1page:1
07-03-2018 DEBUG c.l.s.i.ResearchTeamServiceImpl [http-nio-9002-exec-1] [教授]
07-03-2018 DEBUG c.l.c.ManageController [http-nio-9002-exec-1] {教授=[NewsList{htmlid=1529754720640, pid='4', id='1', title='cheng', date='2018-06-23', titleImage='/displayImage/1.png', type='教授'}, NewsList{htmlid=1530153601709, pid='4', id='1', title='adg', date='2018-06-28', titleImage='', type='教授'}, NewsList{htmlid=1530153778771, pid='4', id='1', title='dafd', date='2018-06-28', titleImage='', type='教授'}, NewsList{htmlid=1530154829816, pid='4', id='1', title='sdf', date='2018-06-28', titleImage='', type='教授'}, NewsList{htmlid=1530154996701, pid='4', id='1', title='dsaf', date='2018-06-28', titleImage='/displayImage/1530154996696.png', type='教授'}, NewsList{htmlid=1530155097707, pid='4', id='1', title='dsfs', date='2018-06-28', titleImage='/displayImage/1530155097703.png', type='教授'}, NewsList{htmlid=1530585009799, pid='4', id='1', title='sd', date='2018-07-03', titleImage='', type='教授'}]}
07-03-2018 DEBUG c.l.s.i.ManageServiceImpl [http-nio-9002-exec-4] 查询列表pid:6id:1page:1
07-03-2018 DEBUG c.l.c.ManageController [http-nio-9002-exec-4] pid=6id=1的总数count:3
07-03-2018 DEBUG c.l.c.ManageController [http-nio-9002-exec-4] querybyBackList
07-03-2018 DEBUG c.l.s.i.ResearchTeamServiceImpl [http-nio-9002-exec-6] [教授]
07-03-2018 DEBUG c.l.c.ManageController [http-nio-9002-exec-6] {教授=[NewsList{htmlid=1529754720640, pid='4', id='1', title='cheng', date='2018-06-23', titleImage='/displayImage/1.png', type='教授'}, NewsList{htmlid=1530153601709, pid='4', id='1', title='adg', date='2018-06-28', titleImage='', type='教授'}, NewsList{htmlid=1530153778771, pid='4', id='1', title='dafd', date='2018-06-28', titleImage='', type='教授'}, NewsList{htmlid=1530154829816, pid='4', id='1', title='sdf', date='2018-06-28', titleImage='', type='教授'}, NewsList{htmlid=1530154996701, pid='4', id='1', title='dsaf', date='2018-06-28', titleImage='/displayImage/1530154996696.png', type='教授'}, NewsList{htmlid=1530155097707, pid='4', id='1', title='dsfs', date='2018-06-28', titleImage='/displayImage/1530155097703.png', type='教授'}, NewsList{htmlid=1530585009799, pid='4', id='1', title='sd', date='2018-07-03', titleImage='', type='教授'}]}
07-03-2018 DEBUG c.l.s.i.ManageServiceImpl [http-nio-9002-exec-9] 查询列表pid:3id:1page:1
07-03-2018 DEBUG c.l.c.ManageController [http-nio-9002-exec-9] pid=3id=1的总数count:1
07-03-2018 DEBUG c.l.c.ManageController [http-nio-9002-exec-9] querybyBackList
07-03-2018 DEBUG c.l.s.i.ManageServiceImpl [http-nio-9002-exec-1] 查询列表pid:2id:3page:1
07-03-2018 DEBUG c.l.s.i.ManageServiceImpl [http-nio-9002-exec-1] 查询列表pid:2id:1page:1
07-03-2018 DEBUG c.l.s.i.ManageServiceImpl [http-nio-9002-exec-1] 查询列表pid:2id:2page:1
07-03-2018 DEBUG c.l.s.i.ManageServiceImpl [http-nio-9002-exec-1] 查询列表pid:6id:1page:1
07-03-2018 DEBUG c.l.s.i.ManageServiceImpl [http-nio-9002-exec-2] 查询列表pid:2id:3page:1
07-03-2018 DEBUG c.l.s.i.ManageServiceImpl [http-nio-9002-exec-2] 查询列表pid:2id:1page:1
07-03-2018 DEBUG c.l.s.i.ManageServiceImpl [http-nio-9002-exec-2] 查询列表pid:2id:2page:1
07-03-2018 DEBUG c.l.s.i.ManageServiceImpl [http-nio-9002-exec-2] 查询列表pid:6id:1page:1
07-03-2018 DEBUG c.l.s.MyUserDetailsService [http-nio-9002-exec-2] admin密码$2a$10$gHonI5g6zgRb0IUHOCP5Xe8hzAl2ptHBdd2Qnc4k8fL4AOTWrQINS
07-03-2018 DEBUG c.l.s.MyUserDetailsService [http-nio-9002-exec-2] ADMIN
07-03-2018 DEBUG c.l.s.MyUserDetailsService [http-nio-9002-exec-2] USER
07-03-2018 DEBUG c.l.s.i.ManageServiceImpl [http-nio-9002-exec-6] 查询列表pid:2id:1page:1
07-03-2018 DEBUG c.l.s.i.ManageServiceImpl [http-nio-9002-exec-5] 查询列表pid:6id:1page:1
07-03-2018 DEBUG c.l.c.ManageController [http-nio-9002-exec-5] pid=6id=1的总数count:3
07-03-2018 DEBUG c.l.c.ManageController [http-nio-9002-exec-5] querybyBackList
07-03-2018 DEBUG c.l.s.i.ResearchTeamServiceImpl [http-nio-9002-exec-7] [教授]
07-03-2018 DEBUG c.l.c.ManageController [http-nio-9002-exec-7] {教授=[NewsList{htmlid=1529754720640, pid='4', id='1', title='cheng', date='2018-06-23', titleImage='/displayImage/1.png', type='教授'}, NewsList{htmlid=1530153601709, pid='4', id='1', title='adg', date='2018-06-28', titleImage='', type='教授'}, NewsList{htmlid=1530153778771, pid='4', id='1', title='dafd', date='2018-06-28', titleImage='', type='教授'}, NewsList{htmlid=1530154829816, pid='4', id='1', title='sdf', date='2018-06-28', titleImage='', type='教授'}, NewsList{htmlid=1530154996701, pid='4', id='1', title='dsaf', date='2018-06-28', titleImage='/displayImage/1530154996696.png', type='教授'}, NewsList{htmlid=1530155097707, pid='4', id='1', title='dsfs', date='2018-06-28', titleImage='/displayImage/1530155097703.png', type='教授'}, NewsList{htmlid=1530585009799, pid='4', id='1', title='sd', date='2018-07-03', titleImage='', type='教授'}]}
07-03-2018 DEBUG c.l.s.i.ManageServiceImpl [http-nio-9002-exec-1] 查询列表pid:2id:1page:1
07-03-2018 DEBUG c.l.c.ManageController [http-nio-9002-exec-1] pid=2id=1的总数count:13
07-03-2018 DEBUG c.l.c.ManageController [http-nio-9002-exec-1] querybyBackList
07-03-2018 DEBUG c.l.s.i.ManageServiceImpl [http-nio-9002-exec-6] 查询列表pid:3id:1page:1
07-03-2018 DEBUG c.l.c.ManageController [http-nio-9002-exec-6] pid=3id=1的总数count:1
07-03-2018 DEBUG c.l.c.ManageController [http-nio-9002-exec-6] querybyBackList
07-03-2018 DEBUG c.l.s.i.ForeServiceImpl [http-nio-9002-exec-3] 1530584980203
07-03-2018 DEBUG c.l.s.i.ResearchTeamServiceImpl [http-nio-9002-exec-1] [教授]
07-03-2018 DEBUG c.l.c.ManageController [http-nio-9002-exec-1] {教授=[NewsList{htmlid=1529754720640, pid='4', id='1', title='cheng', date='2018-06-23', titleImage='/displayImage/1.png', type='教授'}, NewsList{htmlid=1530153601709, pid='4', id='1', title='adg', date='2018-06-28', titleImage='', type='教授'}, NewsList{htmlid=1530153778771, pid='4', id='1', title='dafd', date='2018-06-28', titleImage='', type='教授'}, NewsList{htmlid=1530154829816, pid='4', id='1', title='sdf', date='2018-06-28', titleImage='', type='教授'}, NewsList{htmlid=1530154996701, pid='4', id='1', title='dsaf', date='2018-06-28', titleImage='/displayImage/1530154996696.png', type='教授'}, NewsList{htmlid=1530155097707, pid='4', id='1', title='dsfs', date='2018-06-28', titleImage='/displayImage/1530155097703.png', type='教授'}, NewsList{htmlid=1530585009799, pid='4', id='1', title='sd', date='2018-07-03', titleImage='', type='教授'}]}
07-03-2018 DEBUG c.l.s.i.ForeServiceImpl [http-nio-9002-exec-9] 1530585009799
07-03-2018 DEBUG c.l.s.i.ManageServiceImpl [http-nio-9002-exec-9] 查询列表pid:5id:1page:1
07-03-2018 DEBUG c.l.c.ManageController [http-nio-9002-exec-9] pid=5id=1的总数count:0
07-03-2018 DEBUG c.l.c.ManageController [http-nio-9002-exec-9] querybyBackList
07-03-2018 DEBUG c.l.s.i.ManageServiceImpl [http-nio-9002-exec-1] 查询列表pid:3id:1page:1
07-03-2018 DEBUG c.l.c.ManageController [http-nio-9002-exec-1] pid=3id=1的总数count:1
07-03-2018 DEBUG c.l.c.ManageController [http-nio-9002-exec-1] querybyBackList
07-03-2018 DEBUG c.l.s.i.ManageServiceImpl [http-nio-9002-exec-9] 查询列表pid:2id:1page:1
07-03-2018 DEBUG c.l.c.ManageController [http-nio-9002-exec-9] pid=2id=1的总数count:13
07-03-2018 DEBUG c.l.c.ManageController [http-nio-9002-exec-9] querybyBackList
07-03-2018 DEBUG c.l.s.i.ManageServiceImpl [http-nio-9002-exec-7] 查询列表pid:1id:1page:1
07-03-2018 DEBUG c.l.c.ManageController [http-nio-9002-exec-7] pid=1id=1的总数count:1
07-03-2018 DEBUG c.l.c.ManageController [http-nio-9002-exec-7] querybyBackList
07-03-2018 DEBUG c.l.s.i.ManageServiceImpl [http-nio-9002-exec-1] 查询列表pid:8id:1page:1
07-03-2018 DEBUG c.l.c.ManageController [http-nio-9002-exec-1] pid=8id=1的总数count:0
07-03-2018 DEBUG c.l.c.ManageController [http-nio-9002-exec-1] querybyBackList
07-03-2018 DEBUG c.l.s.i.ManageServiceImpl [http-nio-9002-exec-2] 查询列表pid:8id:1page:1
07-03-2018 DEBUG c.l.c.ManageController [http-nio-9002-exec-2] pid=8id=1的总数count:0
07-03-2018 DEBUG c.l.c.ManageController [http-nio-9002-exec-2] querybyBackList
07-03-2018 DEBUG c.l.c.FtpFileController [http-nio-9002-exec-10] ipage1
07-03-2018 DEBUG c.l.s.i.ManageServiceImpl [http-nio-9002-exec-5] 查询列表pid:8id:1page:1
07-03-2018 DEBUG c.l.c.ManageController [http-nio-9002-exec-5] pid=8id=1的总数count:0
07-03-2018 DEBUG c.l.c.ManageController [http-nio-9002-exec-5] querybyBackList
07-03-2018 DEBUG c.l.c.FtpFileController [http-nio-9002-exec-4] ipage1
07-03-2018 DEBUG c.l.s.i.ManageServiceImpl [http-nio-9002-exec-8] 查询列表pid:8id:1page:1
07-03-2018 DEBUG c.l.c.ManageController [http-nio-9002-exec-8] pid=8id=1的总数count:0
07-03-2018 DEBUG c.l.c.ManageController [http-nio-9002-exec-8] querybyBackList
07-03-2018 DEBUG c.l.c.FtpFileController [http-nio-9002-exec-10] ipage1
07-03-2018 DEBUG c.l.s.i.ManageServiceImpl [http-nio-9002-exec-5] 查询列表pid:8id:1page:1
07-03-2018 DEBUG c.l.c.ManageController [http-nio-9002-exec-5] pid=8id=1的总数count:0
07-03-2018 DEBUG c.l.c.ManageController [http-nio-9002-exec-5] querybyBackList
07-03-2018 DEBUG c.l.c.FtpFileController [http-nio-9002-exec-5] ipage1
07-03-2018 DEBUG c.l.s.i.ManageServiceImpl [http-nio-9002-exec-2] 查询列表pid:8id:1page:1
07-03-2018 DEBUG c.l.c.ManageController [http-nio-9002-exec-2] pid=8id=1的总数count:0
07-03-2018 DEBUG c.l.c.ManageController [http-nio-9002-exec-2] querybyBackList
07-03-2018 DEBUG c.l.c.FtpFileController [http-nio-9002-exec-2] ipage1
07-03-2018 DEBUG c.l.c.FtpFileController [http-nio-9002-exec-3] ipage1
07-03-2018 DEBUG c.l.s.i.ManageServiceImpl [http-nio-9002-exec-10] 查询列表pid:2id:1page:1
07-03-2018 DEBUG c.l.s.i.ForeServiceImpl [http-nio-9002-exec-5] 1530584939034
07-03-2018 DEBUG c.l.s.i.ResearchTeamServiceImpl [http-nio-9002-exec-6] [教授]
07-03-2018 DEBUG c.l.c.ManageController [http-nio-9002-exec-6] {教授=[NewsList{htmlid=1529754720640, pid='4', id='1', title='cheng', date='2018-06-23', titleImage='/displayImage/1.png', type='教授'}, NewsList{htmlid=1530153601709, pid='4', id='1', title='adg', date='2018-06-28', titleImage='', type='教授'}, NewsList{htmlid=1530153778771, pid='4', id='1', title='dafd', date='2018-06-28', titleImage='', type='教授'}, NewsList{htmlid=1530154829816, pid='4', id='1', title='sdf', date='2018-06-28', titleImage='', type='教授'}, NewsList{htmlid=1530154996701, pid='4', id='1', title='dsaf', date='2018-06-28', titleImage='/displayImage/1530154996696.png', type='教授'}, NewsList{htmlid=1530155097707, pid='4', id='1', title='dsfs', date='2018-06-28', titleImage='/displayImage/1530155097703.png', type='教授'}, NewsList{htmlid=1530585009799, pid='4', id='1', title='sd', date='2018-07-03', titleImage='', type='教授'}]}
07-03-2018 DEBUG c.l.s.i.ManageServiceImpl [http-nio-9002-exec-1] 查询列表pid:2id:3page:1
07-03-2018 DEBUG c.l.s.i.ManageServiceImpl [http-nio-9002-exec-1] 查询列表pid:2id:1page:1
07-03-2018 DEBUG c.l.s.i.ManageServiceImpl [http-nio-9002-exec-1] 查询列表pid:2id:2page:1
07-03-2018 DEBUG c.l.s.i.ManageServiceImpl [http-nio-9002-exec-1] 查询列表pid:6id:1page:1
07-03-2018 DEBUG c.l.s.i.ManageServiceImpl [http-nio-9002-exec-2] 查询列表pid:2id:3page:1
07-03-2018 DEBUG c.l.s.i.ManageServiceImpl [http-nio-9002-exec-2] 查询列表pid:2id:1page:1
07-03-2018 DEBUG c.l.s.i.ManageServiceImpl [http-nio-9002-exec-2] 查询列表pid:2id:2page:1
07-03-2018 DEBUG c.l.s.i.ManageServiceImpl [http-nio-9002-exec-2] 查询列表pid:6id:1page:1
07-03-2018 DEBUG c.l.s.i.ManageServiceImpl [http-nio-9002-exec-1] 查询列表pid:2id:3page:1
07-03-2018 DEBUG c.l.s.i.ManageServiceImpl [http-nio-9002-exec-1] 查询列表pid:2id:1page:1
07-03-2018 DEBUG c.l.s.i.ManageServiceImpl [http-nio-9002-exec-1] 查询列表pid:2id:2page:1
07-03-2018 DEBUG c.l.s.i.ManageServiceImpl [http-nio-9002-exec-1] 查询列表pid:6id:1page:1
07-03-2018 DEBUG c.l.s.MyUserDetailsService [http-nio-9002-exec-2] admin密码$2a$10$gHonI5g6zgRb0IUHOCP5Xe8hzAl2ptHBdd2Qnc4k8fL4AOTWrQINS
07-03-2018 DEBUG c.l.s.MyUserDetailsService [http-nio-9002-exec-2] ADMIN
07-03-2018 DEBUG c.l.s.MyUserDetailsService [http-nio-9002-exec-2] USER
07-03-2018 DEBUG c.l.s.i.ManageServiceImpl [http-nio-9002-exec-1] 查询列表pid:2id:1page:1
07-03-2018 DEBUG c.l.c.ManageController [http-nio-9002-exec-10] dsfd
07-03-2018 DEBUG c.l.s.i.ForeServiceImpl [http-nio-9002-exec-10] 1530588380616
07-03-2018 DEBUG c.l.c.ForeController [http-nio-9002-exec-10] 1
07-03-2018 DEBUG c.l.s.i.ManageServiceImpl [http-nio-9002-exec-10] 查询列表pid:2id:1page:1
07-03-2018 DEBUG c.l.c.ForeController [http-nio-9002-exec-10] pid=2id=1的总数count:14
07-03-2018 DEBUG c.l.c.ForeController [http-nio-9002-exec-10] 返回到news_info
07-03-2018 DEBUG c.l.s.i.ForeServiceImpl [http-nio-9002-exec-10] 1530588380616
07-03-2018 DEBUG c.l.s.i.ResearchTeamServiceImpl [http-nio-9002-exec-9] [教授]
07-03-2018 DEBUG c.l.c.ManageController [http-nio-9002-exec-9] {教授=[NewsList{htmlid=1529754720640, pid='4', id='1', title='cheng', date='2018-06-23', titleImage='/displayImage/1.png', type='教授'}, NewsList{htmlid=1530153601709, pid='4', id='1', title='adg', date='2018-06-28', titleImage='', type='教授'}, NewsList{htmlid=1530153778771, pid='4', id='1', title='dafd', date='2018-06-28', titleImage='', type='教授'}, NewsList{htmlid=1530154829816, pid='4', id='1', title='sdf', date='2018-06-28', titleImage='', type='教授'}, NewsList{htmlid=1530154996701, pid='4', id='1', title='dsaf', date='2018-06-28', titleImage='/displayImage/1530154996696.png', type='教授'}, NewsList{htmlid=1530155097707, pid='4', id='1', title='dsfs', date='2018-06-28', titleImage='/displayImage/1530155097703.png', type='教授'}, NewsList{htmlid=1530585009799, pid='4', id='1', title='sd', date='2018-07-03', titleImage='', type='教授'}]}
07-03-2018 DEBUG c.l.s.i.ManageServiceImpl [http-nio-9002-exec-1] 查询列表pid:2id:1page:1
07-03-2018 DEBUG c.l.s.i.ResearchTeamServiceImpl [http-nio-9002-exec-3] [教授]
07-03-2018 DEBUG c.l.c.ManageController [http-nio-9002-exec-3] {教授=[NewsList{htmlid=1529754720640, pid='4', id='1', title='cheng', date='2018-06-23', titleImage='/displayImage/1.png', type='教授'}, NewsList{htmlid=1530153601709, pid='4', id='1', title='adg', date='2018-06-28', titleImage='', type='教授'}, NewsList{htmlid=1530153778771, pid='4', id='1', title='dafd', date='2018-06-28', titleImage='', type='教授'}, NewsList{htmlid=1530154829816, pid='4', id='1', title='sdf', date='2018-06-28', titleImage='', type='教授'}, NewsList{htmlid=1530154996701, pid='4', id='1', title='dsaf', date='2018-06-28', titleImage='/displayImage/1530154996696.png', type='教授'}, NewsList{htmlid=1530155097707, pid='4', id='1', title='dsfs', date='2018-06-28', titleImage='/displayImage/1530155097703.png', type='教授'}, NewsList{htmlid=1530585009799, pid='4', id='1', title='sd', date='2018-07-03', titleImage='', type='教授'}]}
07-03-2018 DEBUG c.l.s.i.ResearchTeamServiceImpl [http-nio-9002-exec-10] [教授]
07-03-2018 DEBUG c.l.c.ManageController [http-nio-9002-exec-10] {教授=[NewsList{htmlid=1529754720640, pid='4', id='1', title='cheng', date='2018-06-23', titleImage='/displayImage/1.png', type='教授'}, NewsList{htmlid=1530153601709, pid='4', id='1', title='adg', date='2018-06-28', titleImage='', type='教授'}, NewsList{htmlid=1530153778771, pid='4', id='1', title='dafd', date='2018-06-28', titleImage='', type='教授'}, NewsList{htmlid=1530154829816, pid='4', id='1', title='sdf', date='2018-06-28', titleImage='', type='教授'}, NewsList{htmlid=1530154996701, pid='4', id='1', title='dsaf', date='2018-06-28', titleImage='/displayImage/1530154996696.png', type='教授'}, NewsList{htmlid=1530155097707, pid='4', id='1', title='dsfs', date='2018-06-28', titleImage='/displayImage/1530155097703.png', type='教授'}, NewsList{htmlid=1530585009799, pid='4', id='1', title='sd', date='2018-07-03', titleImage='', type='教授'}]}
07-03-2018 DEBUG c.l.s.i.ResearchTeamServiceImpl [http-nio-9002-exec-6] [教授]
07-03-2018 DEBUG c.l.c.ManageController [http-nio-9002-exec-6] {教授=[NewsList{htmlid=1529754720640, pid='4', id='1', title='cheng', date='2018-06-23', titleImage='/displayImage/1.png', type='教授'}, NewsList{htmlid=1530153601709, pid='4', id='1', title='adg', date='2018-06-28', titleImage='', type='教授'}, NewsList{htmlid=1530153778771, pid='4', id='1', title='dafd', date='2018-06-28', titleImage='', type='教授'}, NewsList{htmlid=1530154829816, pid='4', id='1', title='sdf', date='2018-06-28', titleImage='', type='教授'}, NewsList{htmlid=1530154996701, pid='4', id='1', title='dsaf', date='2018-06-28', titleImage='/displayImage/1530154996696.png', type='教授'}, NewsList{htmlid=1530155097707, pid='4', id='1', title='dsfs', date='2018-06-28', titleImage='/displayImage/1530155097703.png', type='教授'}, NewsList{htmlid=1530585009799, pid='4', id='1', title='sd', date='2018-07-03', titleImage='', type='教授'}]}
07-03-2018 DEBUG c.l.s.i.ManageServiceImpl [http-nio-9002-exec-9] 查询列表pid:2id:3page:1
07-03-2018 DEBUG c.l.s.i.ManageServiceImpl [http-nio-9002-exec-9] 查询列表pid:2id:1page:1
07-03-2018 DEBUG c.l.s.i.ManageServiceImpl [http-nio-9002-exec-9] 查询列表pid:2id:2page:1
07-03-2018 DEBUG c.l.s.i.ManageServiceImpl [http-nio-9002-exec-9] 查询列表pid:6id:1page:1
07-03-2018 DEBUG c.l.s.MyUserDetailsService [http-nio-9002-exec-3] admin密码$2a$10$gHonI5g6zgRb0IUHOCP5Xe8hzAl2ptHBdd2Qnc4k8fL4AOTWrQINS
07-03-2018 DEBUG c.l.s.MyUserDetailsService [http-nio-9002-exec-3] ADMIN
07-03-2018 DEBUG c.l.s.MyUserDetailsService [http-nio-9002-exec-3] USER
07-03-2018 DEBUG c.l.s.i.ManageServiceImpl [http-nio-9002-exec-4] 查询列表pid:2id:1page:1
07-03-2018 DEBUG c.l.s.i.ResearchTeamServiceImpl [http-nio-9002-exec-6] [教授]
07-03-2018 DEBUG c.l.c.ManageController [http-nio-9002-exec-6] {教授=[NewsList{htmlid=1529754720640, pid='4', id='1', title='cheng', date='2018-06-23', titleImage='/displayImage/1.png', type='教授'}, NewsList{htmlid=1530153601709, pid='4', id='1', title='adg', date='2018-06-28', titleImage='', type='教授'}, NewsList{htmlid=1530153778771, pid='4', id='1', title='dafd', date='2018-06-28', titleImage='', type='教授'}, NewsList{htmlid=1530154829816, pid='4', id='1', title='sdf', date='2018-06-28', titleImage='', type='教授'}, NewsList{htmlid=1530154996701, pid='4', id='1', title='dsaf', date='2018-06-28', titleImage='/displayImage/1530154996696.png', type='教授'}, NewsList{htmlid=1530155097707, pid='4', id='1', title='dsfs', date='2018-06-28', titleImage='/displayImage/1530155097703.png', type='教授'}, NewsList{htmlid=1530585009799, pid='4', id='1', title='sd', date='2018-07-03', titleImage='', type='教授'}]}
07-03-2018 DEBUG c.l.s.i.ForeServiceImpl [http-nio-9002-exec-3] 1529754720640
07-03-2018 DEBUG c.l.s.i.ResearchTeamServiceImpl [http-nio-9002-exec-5] [教授]
07-03-2018 DEBUG c.l.c.ManageController [http-nio-9002-exec-5] {教授=[NewsList{htmlid=1529754720640, pid='4', id='1', title='cheng', date='2018-06-23', titleImage='/displayImage/1.png', type='教授'}, NewsList{htmlid=1530153601709, pid='4', id='1', title='adg', date='2018-06-28', titleImage='', type='教授'}, NewsList{htmlid=1530153778771, pid='4', id='1', title='dafd', date='2018-06-28', titleImage='', type='教授'}, NewsList{htmlid=1530154829816, pid='4', id='1', title='sdf', date='2018-06-28', titleImage='', type='教授'}, NewsList{htmlid=1530154996701, pid='4', id='1', title='dsaf', date='2018-06-28', titleImage='/displayImage/1530154996696.png', type='教授'}, NewsList{htmlid=1530155097707, pid='4', id='1', title='dsfs', date='2018-06-28', titleImage='/displayImage/1530155097703.png', type='教授'}, NewsList{htmlid=1530585009799, pid='4', id='1', title='sd', date='2018-07-03', titleImage='', type='教授'}]}
07-03-2018 DEBUG c.l.s.i.ManageServiceImpl [http-nio-9002-exec-10] 查询列表pid:2id:1page:1
07-03-2018 DEBUG c.l.s.i.ResearchTeamServiceImpl [http-nio-9002-exec-8] [教授]
07-03-2018 DEBUG c.l.c.ManageController [http-nio-9002-exec-8] {教授=[NewsList{htmlid=1529754720640, pid='4', id='1', title='cheng', date='2018-06-23', titleImage='/displayImage/1.png', type='教授'}, NewsList{htmlid=1530153601709, pid='4', id='1', title='adg', date='2018-06-28', titleImage='', type='教授'}, NewsList{htmlid=1530153778771, pid='4', id='1', title='dafd', date='2018-06-28', titleImage='', type='教授'}, NewsList{htmlid=1530154829816, pid='4', id='1', title='sdf', date='2018-06-28', titleImage='', type='教授'}, NewsList{htmlid=1530154996701, pid='4', id='1', title='dsaf', date='2018-06-28', titleImage='/displayImage/1530154996696.png', type='教授'}, NewsList{htmlid=1530155097707, pid='4', id='1', title='dsfs', date='2018-06-28', titleImage='/displayImage/1530155097703.png', type='教授'}, NewsList{htmlid=1530585009799, pid='4', id='1', title='sd', date='2018-07-03', titleImage='', type='教授'}]}
07-03-2018 DEBUG c.l.c.ManageController [http-nio-9002-exec-6] 删除1
07-03-2018 DEBUG c.l.s.i.ResearchTeamServiceImpl [http-nio-9002-exec-5] [教授]
07-03-2018 DEBUG c.l.c.ManageController [http-nio-9002-exec-5] {教授=[NewsList{htmlid=1529754720640, pid='4', id='1', title='cheng', date='2018-06-23', titleImage='/displayImage/1.png', type='教授'}, NewsList{htmlid=1530153778771, pid='4', id='1', title='dafd', date='2018-06-28', titleImage='', type='教授'}, NewsList{htmlid=1530154829816, pid='4', id='1', title='sdf', date='2018-06-28', titleImage='', type='教授'}, NewsList{htmlid=1530154996701, pid='4', id='1', title='dsaf', date='2018-06-28', titleImage='/displayImage/1530154996696.png', type='教授'}, NewsList{htmlid=1530155097707, pid='4', id='1', title='dsfs', date='2018-06-28', titleImage='/displayImage/1530155097703.png', type='教授'}, NewsList{htmlid=1530585009799, pid='4', id='1', title='sd', date='2018-07-03', titleImage='', type='教授'}]}
07-03-2018 DEBUG c.l.s.i.ForeServiceImpl [http-nio-9002-exec-3] 1529754720640
07-03-2018 DEBUG c.l.s.i.ManageServiceImpl [http-nio-9002-exec-3] 查询列表pid:2id:1page:1
07-03-2018 DEBUG c.l.s.i.ResearchTeamServiceImpl [http-nio-9002-exec-6] [教授]
07-03-2018 DEBUG c.l.c.ManageController [http-nio-9002-exec-6] {教授=[NewsList{htmlid=1529754720640, pid='4', id='1', title='cheng', date='2018-06-23', titleImage='/displayImage/1.png', type='教授'}, NewsList{htmlid=1530153778771, pid='4', id='1', title='dafd', date='2018-06-28', titleImage='', type='教授'}, NewsList{htmlid=1530154829816, pid='4', id='1', title='sdf', date='2018-06-28', titleImage='', type='教授'}, NewsList{htmlid=1530154996701, pid='4', id='1', title='dsaf', date='2018-06-28', titleImage='/displayImage/1530154996696.png', type='教授'}, NewsList{htmlid=1530155097707, pid='4', id='1', title='dsfs', date='2018-06-28', titleImage='/displayImage/1530155097703.png', type='教授'}, NewsList{htmlid=1530585009799, pid='4', id='1', title='sd', date='2018-07-03', titleImage='', type='教授'}]}
07-03-2018 DEBUG c.l.c.ManageController [http-nio-9002-exec-5] 删除1
07-03-2018 DEBUG c.l.s.i.ResearchTeamServiceImpl [http-nio-9002-exec-3] [教授]
07-03-2018 DEBUG c.l.c.ManageController [http-nio-9002-exec-3] {教授=[NewsList{htmlid=1529754720640, pid='4', id='1', title='cheng', date='2018-06-23', titleImage='/displayImage/1.png', type='教授'}, NewsList{htmlid=1530153778771, pid='4', id='1', title='dafd', date='2018-06-28', titleImage='', type='教授'}, NewsList{htmlid=1530154829816, pid='4', id='1', title='sdf', date='2018-06-28', titleImage='', type='教授'}, NewsList{htmlid=1530154996701, pid='4', id='1', title='dsaf', date='2018-06-28', titleImage='/displayImage/1530154996696.png', type='教授'}, NewsList{htmlid=1530155097707, pid='4', id='1', title='dsfs', date='2018-06-28', titleImage='/displayImage/1530155097703.png', type='教授'}]}
