[07:40:02:166] [DEBUG] - com.li.service.impl.ManageServiceImpl.queryByCategory(ManageServiceImpl.java:47) - 查询列表pid:3id:2page:1
[07:40:02:261] [DEBUG] - com.li.service.impl.ManageServiceImpl.queryByCategory(ManageServiceImpl.java:47) - 查询列表pid:2id:1page:1
[07:40:02:274] [DEBUG] - com.li.service.impl.ManageServiceImpl.queryByCategory(ManageServiceImpl.java:47) - 查询列表pid:2id:2page:1
[07:40:02:281] [DEBUG] - com.li.service.impl.ManageServiceImpl.queryByCategory(ManageServiceImpl.java:47) - 查询列表pid:6id:1page:1
[07:40:07:867] [DEBUG] - com.li.controller.ForeController.query(ForeController.java:42) - 1
[07:40:07:868] [DEBUG] - com.li.service.impl.ManageServiceImpl.queryByCategory(ManageServiceImpl.java:47) - 查询列表pid:2id:2page:1
[07:40:07:883] [DEBUG] - com.li.controller.ForeController.query(ForeController.java:63) - pid=2id=2的总数count:21
[07:40:07:884] [DEBUG] - com.li.controller.ForeController.query(ForeController.java:74) - 返回到news_info
[07:40:15:690] [DEBUG] - com.li.service.impl.ManageServiceImpl.queryByCategory(ManageServiceImpl.java:47) - 查询列表pid:3id:2page:1
[07:40:15:695] [DEBUG] - com.li.service.impl.ManageServiceImpl.queryByCategory(ManageServiceImpl.java:47) - 查询列表pid:2id:1page:1
[07:40:15:699] [DEBUG] - com.li.service.impl.ManageServiceImpl.queryByCategory(ManageServiceImpl.java:47) - 查询列表pid:2id:2page:1
[07:40:15:705] [DEBUG] - com.li.service.impl.ManageServiceImpl.queryByCategory(ManageServiceImpl.java:47) - 查询列表pid:6id:1page:1
[07:40:18:480] [DEBUG] - com.li.controller.ForeController.query(ForeController.java:42) - 1
[07:40:18:481] [DEBUG] - com.li.service.impl.ManageServiceImpl.queryByCategory(ManageServiceImpl.java:47) - 查询列表pid:2id:1page:1
[07:40:18:488] [DEBUG] - com.li.controller.ForeController.query(ForeController.java:63) - pid=2id=1的总数count:21
[07:40:18:488] [DEBUG] - com.li.controller.ForeController.query(ForeController.java:74) - 返回到news_info
[07:40:24:160] [DEBUG] - com.li.service.impl.ManageServiceImpl.queryByCategory(ManageServiceImpl.java:47) - 查询列表pid:3id:2page:1
[07:40:24:166] [DEBUG] - com.li.service.impl.ManageServiceImpl.queryByCategory(ManageServiceImpl.java:47) - 查询列表pid:2id:1page:1
[07:40:24:171] [DEBUG] - com.li.service.impl.ManageServiceImpl.queryByCategory(ManageServiceImpl.java:47) - 查询列表pid:2id:2page:1
[07:40:24:176] [DEBUG] - com.li.service.impl.ManageServiceImpl.queryByCategory(ManageServiceImpl.java:47) - 查询列表pid:6id:1page:1
[07:40:28:127] [DEBUG] - com.li.service.impl.ForeServiceImpl.queryNews(ForeServiceImpl.java:19) - 625
[07:40:48:348] [DEBUG] - com.li.controller.ForeController.query(ForeController.java:42) - 1
[07:40:48:349] [DEBUG] - com.li.service.impl.ManageServiceImpl.queryByCategory(ManageServiceImpl.java:47) - 查询列表pid:2id:2page:1
[07:40:48:356] [DEBUG] - com.li.controller.ForeController.query(ForeController.java:63) - pid=2id=2的总数count:21
[07:40:48:356] [DEBUG] - com.li.controller.ForeController.query(ForeController.java:74) - 返回到news_info
[07:41:15:593] [DEBUG] - com.li.service.impl.ForeServiceImpl.queryNews(ForeServiceImpl.java:19) - 265
[07:41:31:765] [DEBUG] - com.li.security.MyUserDetailsService.loadUserByUsername(MyUserDetailsService.java:28) - admin密码$2a$10$gHonI5g6zgRb0IUHOCP5Xe8hzAl2ptHBdd2Qnc4k8fL4AOTWrQINS
[07:41:31:767] [DEBUG] - com.li.security.MyUserDetailsService.loadUserByUsername(MyUserDetailsService.java:36) - ADMIN
[07:41:31:768] [DEBUG] - com.li.security.MyUserDetailsService.loadUserByUsername(MyUserDetailsService.java:36) - USER
[07:41:31:871] [DEBUG] - com.li.service.impl.ManageServiceImpl.queryByCategory(ManageServiceImpl.java:47) - 查询列表pid:2id:1page:1
[07:41:31:878] [DEBUG] - com.li.controller.LoginController.login(LoginController.java:48) - totalpage3
[07:41:35:191] [DEBUG] - com.li.service.impl.ManageServiceImpl.queryByCategory(ManageServiceImpl.java:47) - 查询列表pid:2id:2page:1
[07:41:35:197] [DEBUG] - com.li.controller.ManageController.query(ManageController.java:232) - pid=2id=2的总数count:21
[07:41:35:198] [DEBUG] - com.li.controller.ManageController.query(ManageController.java:238) - querybyBackList
[07:41:37:781] [DEBUG] - com.li.service.impl.ResearchTeamServiceImpl.query(ResearchTeamServiceImpl.java:45) - [团队负责人]
[07:41:37:786] [DEBUG] - com.li.controller.ResearchTeamController.backgroundquery(ResearchTeamController.java:168) - {团队负责人=[NewsList{htmlid=1531747382350, pid='4', id='1', title='ddf', date='2018-07-16', titleImage='/displayImage/1531747421075.png', type='团队负责人'}]}
[07:41:42:868] [DEBUG] - com.li.service.impl.ManageServiceImpl.queryByCategory(ManageServiceImpl.java:47) - 查询列表pid:1id:1page:1
[07:41:42:880] [DEBUG] - com.li.controller.ManageController.query(ManageController.java:232) - pid=1id=1的总数count:21
[07:41:42:881] [DEBUG] - com.li.controller.ManageController.query(ManageController.java:238) - querybyBackList
[07:41:50:293] [DEBUG] - com.li.controller.ManageController.delete(ManageController.java:144) - 删除1
[07:41:50:320] [DEBUG] - com.li.service.impl.ManageServiceImpl.queryByCategory(ManageServiceImpl.java:47) - 查询列表pid:1id:1page:1
[07:41:50:325] [DEBUG] - com.li.controller.ManageController.query(ManageController.java:232) - pid=1id=1的总数count:20
[07:41:50:326] [DEBUG] - com.li.controller.ManageController.query(ManageController.java:238) - querybyBackList
[07:41:57:542] [DEBUG] - com.li.service.impl.ResearchTeamServiceImpl.query(ResearchTeamServiceImpl.java:45) - [团队负责人]
[07:41:57:545] [DEBUG] - com.li.controller.ResearchTeamController.backgroundquery(ResearchTeamController.java:168) - {团队负责人=[NewsList{htmlid=1531747382350, pid='4', id='1', title='ddf', date='2018-07-16', titleImage='/displayImage/1531747421075.png', type='团队负责人'}]}
[07:41:58:264] [DEBUG] - com.li.service.impl.ManageServiceImpl.queryByCategory(ManageServiceImpl.java:47) - 查询列表pid:3id:1page:1
[07:41:58:270] [DEBUG] - com.li.controller.ManageController.query(ManageController.java:232) - pid=3id=1的总数count:21
[07:41:58:271] [DEBUG] - com.li.controller.ManageController.query(ManageController.java:238) - querybyBackList
[07:42:27:688] [DEBUG] - com.li.controller.FtpController.queryPublicFile(FtpController.java:31) - 1
[07:42:27:688] [DEBUG] - com.li.controller.FtpController.queryPublicFile(FtpController.java:37) - ipage1
[07:42:30:250] [DEBUG] - com.li.controller.FtpController.queryPublicFile(FtpController.java:31) - 1
[07:42:30:252] [DEBUG] - com.li.controller.FtpController.queryPublicFile(FtpController.java:37) - ipage1
[07:44:35:581] [DEBUG] - com.li.controller.ManageController.insert(ManageController.java:98) - dsafsa
[07:44:35:603] [DEBUG] - com.li.service.impl.ForeServiceImpl.queryNews(ForeServiceImpl.java:19) - 1531784675584
[07:44:49:576] [DEBUG] - com.li.controller.ForeController.query(ForeController.java:42) - 1
[07:44:49:577] [DEBUG] - com.li.service.impl.ManageServiceImpl.queryByCategory(ManageServiceImpl.java:47) - 查询列表pid:3id:1page:1
[07:44:49:583] [DEBUG] - com.li.controller.ForeController.query(ForeController.java:63) - pid=3id=1的总数count:22
[07:44:49:584] [DEBUG] - com.li.controller.ForeController.query(ForeController.java:74) - 返回到news_info
[07:44:53:566] [DEBUG] - com.li.service.impl.ManageServiceImpl.queryByCategory(ManageServiceImpl.java:47) - 查询列表pid:2id:1page:1
[07:44:53:571] [DEBUG] - com.li.controller.LoginController.login(LoginController.java:48) - totalpage3
[07:45:33:566] [DEBUG] - com.li.controller.NewsImageController.uploadImage1(NewsImageController.java:64) - 上传
[07:45:33:574] [DEBUG] - com.li.controller.NewsImageController.uploadImage1(NewsImageController.java:91) - callback1fileUrl/displayImage/1.PNG
[07:46:21:028] [DEBUG] - com.li.controller.NewsImageController.uploadImage1(NewsImageController.java:64) - 上传
[07:46:21:031] [DEBUG] - com.li.controller.NewsImageController.uploadImage1(NewsImageController.java:91) - callback1fileUrl/displayImage/1531660287100.png
[07:46:53:510] [DEBUG] - com.li.controller.NewsImageController.uploadImage1(NewsImageController.java:64) - 上传
[07:46:53:514] [DEBUG] - com.li.controller.NewsImageController.uploadImage1(NewsImageController.java:91) - callback1fileUrl/displayImage/avatar1.PNG
[07:47:47:644] [DEBUG] - com.li.controller.ManageController.insert(ManageController.java:98) - 的撒噶发送
[07:47:47:651] [DEBUG] - com.li.service.impl.ForeServiceImpl.queryNews(ForeServiceImpl.java:19) - 1531784867646
[07:48:09:181] [DEBUG] - com.li.service.impl.ManageServiceImpl.queryByCategory(ManageServiceImpl.java:47) - 查询列表pid:2id:1page:1
[07:48:09:186] [DEBUG] - com.li.controller.LoginController.login(LoginController.java:48) - totalpage3
[07:48:13:626] [DEBUG] - com.li.service.impl.ManageServiceImpl.queryByCategory(ManageServiceImpl.java:47) - 查询列表pid:3id:1page:1
[07:48:13:633] [DEBUG] - com.li.controller.ManageController.query(ManageController.java:232) - pid=3id=1的总数count:22
[07:48:13:634] [DEBUG] - com.li.controller.ManageController.query(ManageController.java:238) - querybyBackList
[07:48:50:241] [DEBUG] - com.li.controller.NewsImageController.uploadImage1(NewsImageController.java:64) - 上传
[07:48:50:247] [DEBUG] - com.li.controller.NewsImageController.uploadImage1(NewsImageController.java:91) - callback1fileUrl/displayImage/1.PNG
[07:49:21:390] [DEBUG] - com.li.controller.ManageController.insert(ManageController.java:98) - abstractText
[07:49:21:396] [DEBUG] - com.li.service.impl.ForeServiceImpl.queryNews(ForeServiceImpl.java:19) - 1531784961391
[07:54:46:252] [DEBUG] - com.li.service.impl.ManageServiceImpl.queryByCategory(ManageServiceImpl.java:47) - 查询列表pid:3id:2page:1
[07:54:46:264] [DEBUG] - com.li.service.impl.ManageServiceImpl.queryByCategory(ManageServiceImpl.java:47) - 查询列表pid:2id:1page:1
[07:54:46:276] [DEBUG] - com.li.service.impl.ManageServiceImpl.queryByCategory(ManageServiceImpl.java:47) - 查询列表pid:2id:2page:1
[07:54:46:282] [DEBUG] - com.li.service.impl.ManageServiceImpl.queryByCategory(ManageServiceImpl.java:47) - 查询列表pid:6id:1page:1
[07:54:57:980] [DEBUG] - com.li.security.MyUserDetailsService.loadUserByUsername(MyUserDetailsService.java:28) - admin密码$2a$10$gHonI5g6zgRb0IUHOCP5Xe8hzAl2ptHBdd2Qnc4k8fL4AOTWrQINS
[07:54:57:982] [DEBUG] - com.li.security.MyUserDetailsService.loadUserByUsername(MyUserDetailsService.java:36) - ADMIN
[07:54:57:982] [DEBUG] - com.li.security.MyUserDetailsService.loadUserByUsername(MyUserDetailsService.java:36) - USER
[07:54:58:092] [DEBUG] - com.li.service.impl.ManageServiceImpl.queryByCategory(ManageServiceImpl.java:47) - 查询列表pid:2id:1page:1
[07:54:58:107] [DEBUG] - com.li.controller.LoginController.login(LoginController.java:48) - totalpage3
[07:55:01:987] [DEBUG] - com.li.service.impl.ManageServiceImpl.queryByCategory(ManageServiceImpl.java:47) - 查询列表pid:3id:1page:1
[07:55:01:995] [DEBUG] - com.li.controller.ManageController.query(ManageController.java:232) - pid=3id=1的总数count:23
[07:55:01:997] [DEBUG] - com.li.controller.ManageController.query(ManageController.java:238) - querybyBackList
[07:55:21:218] [DEBUG] - com.li.controller.NewsImageController.uploadImage1(NewsImageController.java:64) - 上传
[07:55:21:226] [DEBUG] - com.li.controller.NewsImageController.uploadImage1(NewsImageController.java:91) - callback1fileUrl/displayImage/1.PNG
[07:55:57:795] [DEBUG] - com.li.controller.NewsImageController.uploadImage1(NewsImageController.java:64) - 上传
[07:55:57:800] [DEBUG] - com.li.controller.NewsImageController.uploadImage1(NewsImageController.java:91) - callback1fileUrl/displayImage/1.PNG
[07:56:19:465] [DEBUG] - com.li.controller.NewsImageController.uploadImage1(NewsImageController.java:64) - 上传
[07:56:19:468] [DEBUG] - com.li.controller.NewsImageController.uploadImage1(NewsImageController.java:91) - callback1fileUrl/displayImage/1530614726293.png
[07:56:44:080] [DEBUG] - com.li.controller.ManageController.insert(ManageController.java:98) - 
[07:56:44:115] [DEBUG] - com.li.service.impl.ForeServiceImpl.queryNews(ForeServiceImpl.java:19) - 1531785404083
[08:06:35:846] [DEBUG] - com.li.service.impl.ManageServiceImpl.queryByCategory(ManageServiceImpl.java:47) - 查询列表pid:3id:2page:1
[08:06:35:862] [DEBUG] - com.li.service.impl.ManageServiceImpl.queryByCategory(ManageServiceImpl.java:47) - 查询列表pid:2id:1page:1
[08:06:35:874] [DEBUG] - com.li.service.impl.ManageServiceImpl.queryByCategory(ManageServiceImpl.java:47) - 查询列表pid:2id:2page:1
[08:06:35:880] [DEBUG] - com.li.service.impl.ManageServiceImpl.queryByCategory(ManageServiceImpl.java:47) - 查询列表pid:6id:1page:1
[08:07:01:328] [DEBUG] - com.li.security.MyUserDetailsService.loadUserByUsername(MyUserDetailsService.java:28) - admin密码$2a$10$gHonI5g6zgRb0IUHOCP5Xe8hzAl2ptHBdd2Qnc4k8fL4AOTWrQINS
[08:07:01:330] [DEBUG] - com.li.security.MyUserDetailsService.loadUserByUsername(MyUserDetailsService.java:36) - ADMIN
[08:07:01:330] [DEBUG] - com.li.security.MyUserDetailsService.loadUserByUsername(MyUserDetailsService.java:36) - USER
[08:07:01:435] [DEBUG] - com.li.service.impl.ManageServiceImpl.queryByCategory(ManageServiceImpl.java:47) - 查询列表pid:2id:1page:1
[08:07:01:446] [DEBUG] - com.li.controller.LoginController.login(LoginController.java:48) - totalpage3
[08:07:23:942] [DEBUG] - com.li.controller.NewsImageController.uploadImage1(NewsImageController.java:64) - 上传
[08:07:23:948] [DEBUG] - com.li.controller.NewsImageController.uploadImage1(NewsImageController.java:91) - callback1fileUrl/displayImage/1.PNG
[08:07:43:178] [DEBUG] - com.li.controller.ManageController.insert(ManageController.java:98) - 1
[08:07:43:200] [DEBUG] - com.li.service.impl.ForeServiceImpl.queryNews(ForeServiceImpl.java:19) - 1531786063181
[08:08:43:243] [DEBUG] - com.li.controller.ForeController.query(ForeController.java:42) - 1
[08:08:43:245] [DEBUG] - com.li.service.impl.ManageServiceImpl.queryByCategory(ManageServiceImpl.java:47) - 查询列表pid:3id:1page:1
[08:08:43:257] [DEBUG] - com.li.controller.ForeController.query(ForeController.java:63) - pid=3id=1的总数count:24
[08:08:43:258] [DEBUG] - com.li.controller.ForeController.query(ForeController.java:74) - 返回到news_info
[08:08:45:058] [DEBUG] - com.li.service.impl.ForeServiceImpl.queryNews(ForeServiceImpl.java:19) - 1531785404083
[08:16:57:069] [DEBUG] - com.li.service.impl.ManageServiceImpl.queryByCategory(ManageServiceImpl.java:47) - 查询列表pid:3id:2page:1
[08:16:57:079] [DEBUG] - com.li.service.impl.ManageServiceImpl.queryByCategory(ManageServiceImpl.java:47) - 查询列表pid:2id:1page:1
[08:16:57:089] [DEBUG] - com.li.service.impl.ManageServiceImpl.queryByCategory(ManageServiceImpl.java:47) - 查询列表pid:2id:2page:1
[08:16:57:099] [DEBUG] - com.li.service.impl.ManageServiceImpl.queryByCategory(ManageServiceImpl.java:47) - 查询列表pid:6id:1page:1
[08:16:57:697] [DEBUG] - com.li.service.impl.ManageServiceImpl.queryByCategory(ManageServiceImpl.java:47) - 查询列表pid:3id:2page:1
[08:16:57:704] [DEBUG] - com.li.service.impl.ManageServiceImpl.queryByCategory(ManageServiceImpl.java:47) - 查询列表pid:2id:1page:1
[08:16:57:710] [DEBUG] - com.li.service.impl.ManageServiceImpl.queryByCategory(ManageServiceImpl.java:47) - 查询列表pid:2id:2page:1
[08:16:57:714] [DEBUG] - com.li.service.impl.ManageServiceImpl.queryByCategory(ManageServiceImpl.java:47) - 查询列表pid:6id:1page:1
[08:17:10:854] [DEBUG] - com.li.security.MyUserDetailsService.loadUserByUsername(MyUserDetailsService.java:28) - admin密码$2a$10$gHonI5g6zgRb0IUHOCP5Xe8hzAl2ptHBdd2Qnc4k8fL4AOTWrQINS
[08:17:10:855] [DEBUG] - com.li.security.MyUserDetailsService.loadUserByUsername(MyUserDetailsService.java:36) - ADMIN
[08:17:10:856] [DEBUG] - com.li.security.MyUserDetailsService.loadUserByUsername(MyUserDetailsService.java:36) - USER
[08:17:10:961] [DEBUG] - com.li.service.impl.ManageServiceImpl.queryByCategory(ManageServiceImpl.java:47) - 查询列表pid:2id:1page:1
[08:17:10:969] [DEBUG] - com.li.controller.LoginController.login(LoginController.java:48) - totalpage3
[08:18:09:295] [DEBUG] - com.li.controller.ManageController.insert(ManageController.java:98) - dfdsgd
[08:18:09:320] [DEBUG] - com.li.service.impl.ForeServiceImpl.queryNews(ForeServiceImpl.java:19) - 1531786689297
[08:19:53:134] [DEBUG] - com.li.service.impl.ManageServiceImpl.queryByCategory(ManageServiceImpl.java:47) - 查询列表pid:3id:2page:1
[08:19:53:149] [DEBUG] - com.li.service.impl.ManageServiceImpl.queryByCategory(ManageServiceImpl.java:47) - 查询列表pid:2id:1page:1
[08:19:53:160] [DEBUG] - com.li.service.impl.ManageServiceImpl.queryByCategory(ManageServiceImpl.java:47) - 查询列表pid:2id:2page:1
[08:19:53:167] [DEBUG] - com.li.service.impl.ManageServiceImpl.queryByCategory(ManageServiceImpl.java:47) - 查询列表pid:6id:1page:1
[08:20:06:473] [DEBUG] - com.li.security.MyUserDetailsService.loadUserByUsername(MyUserDetailsService.java:28) - admin密码$2a$10$gHonI5g6zgRb0IUHOCP5Xe8hzAl2ptHBdd2Qnc4k8fL4AOTWrQINS
[08:20:06:474] [DEBUG] - com.li.security.MyUserDetailsService.loadUserByUsername(MyUserDetailsService.java:36) - ADMIN
[08:20:06:475] [DEBUG] - com.li.security.MyUserDetailsService.loadUserByUsername(MyUserDetailsService.java:36) - USER
[08:20:06:577] [DEBUG] - com.li.service.impl.ManageServiceImpl.queryByCategory(ManageServiceImpl.java:47) - 查询列表pid:2id:1page:1
[08:20:06:589] [DEBUG] - com.li.controller.LoginController.login(LoginController.java:48) - totalpage3
[08:20:20:904] [DEBUG] - com.li.controller.NewsImageController.uploadImage1(NewsImageController.java:64) - 上传
[08:20:20:911] [DEBUG] - com.li.controller.NewsImageController.uploadImage1(NewsImageController.java:91) - callback1fileUrl/displayImage/1.PNG
[08:20:39:401] [DEBUG] - com.li.controller.ManageController.insert(ManageController.java:98) - 
[08:20:39:431] [DEBUG] - com.li.service.impl.ForeServiceImpl.queryNews(ForeServiceImpl.java:19) - 1531786839403
[08:21:09:743] [DEBUG] - com.li.service.impl.ManageServiceImpl.queryByCategory(ManageServiceImpl.java:47) - 查询列表pid:2id:1page:1
[08:21:09:753] [DEBUG] - com.li.controller.LoginController.login(LoginController.java:48) - totalpage3
[08:21:22:024] [DEBUG] - com.li.controller.NewsImageController.uploadImage1(NewsImageController.java:64) - 上传
[08:21:22:030] [DEBUG] - com.li.controller.NewsImageController.uploadImage1(NewsImageController.java:91) - callback1fileUrl/displayImage/1.PNG
[08:21:49:101] [DEBUG] - com.li.controller.ManageController.insert(ManageController.java:98) - 
[08:21:49:109] [DEBUG] - com.li.service.impl.ForeServiceImpl.queryNews(ForeServiceImpl.java:19) - 1531786909102
[08:28:16:484] [DEBUG] - com.li.service.impl.ManageServiceImpl.queryByCategory(ManageServiceImpl.java:47) - 查询列表pid:3id:2page:1
[08:28:16:494] [DEBUG] - com.li.service.impl.ManageServiceImpl.queryByCategory(ManageServiceImpl.java:47) - 查询列表pid:2id:1page:1
[08:28:16:504] [DEBUG] - com.li.service.impl.ManageServiceImpl.queryByCategory(ManageServiceImpl.java:47) - 查询列表pid:2id:2page:1
[08:28:16:514] [DEBUG] - com.li.service.impl.ManageServiceImpl.queryByCategory(ManageServiceImpl.java:47) - 查询列表pid:6id:1page:1
[08:28:17:014] [DEBUG] - com.li.service.impl.ManageServiceImpl.queryByCategory(ManageServiceImpl.java:47) - 查询列表pid:3id:2page:1
[08:28:17:032] [DEBUG] - com.li.service.impl.ManageServiceImpl.queryByCategory(ManageServiceImpl.java:47) - 查询列表pid:2id:1page:1
[08:28:17:044] [DEBUG] - com.li.service.impl.ManageServiceImpl.queryByCategory(ManageServiceImpl.java:47) - 查询列表pid:2id:2page:1
[08:28:17:049] [DEBUG] - com.li.service.impl.ManageServiceImpl.queryByCategory(ManageServiceImpl.java:47) - 查询列表pid:6id:1page:1
[08:28:23:019] [DEBUG] - com.li.service.impl.ManageServiceImpl.queryByCategory(ManageServiceImpl.java:47) - 查询列表pid:3id:2page:1
[08:28:23:025] [DEBUG] - com.li.service.impl.ManageServiceImpl.queryByCategory(ManageServiceImpl.java:47) - 查询列表pid:2id:1page:1
[08:28:23:030] [DEBUG] - com.li.service.impl.ManageServiceImpl.queryByCategory(ManageServiceImpl.java:47) - 查询列表pid:2id:2page:1
[08:28:23:035] [DEBUG] - com.li.service.impl.ManageServiceImpl.queryByCategory(ManageServiceImpl.java:47) - 查询列表pid:6id:1page:1
[08:28:33:571] [DEBUG] - com.li.security.MyUserDetailsService.loadUserByUsername(MyUserDetailsService.java:28) - admin密码$2a$10$gHonI5g6zgRb0IUHOCP5Xe8hzAl2ptHBdd2Qnc4k8fL4AOTWrQINS
[08:28:33:572] [DEBUG] - com.li.security.MyUserDetailsService.loadUserByUsername(MyUserDetailsService.java:36) - ADMIN
[08:28:33:573] [DEBUG] - com.li.security.MyUserDetailsService.loadUserByUsername(MyUserDetailsService.java:36) - USER
[08:28:33:684] [DEBUG] - com.li.service.impl.ManageServiceImpl.queryByCategory(ManageServiceImpl.java:47) - 查询列表pid:2id:1page:1
[08:28:33:702] [DEBUG] - com.li.controller.LoginController.login(LoginController.java:48) - totalpage3
[08:28:37:385] [DEBUG] - com.li.service.impl.ManageServiceImpl.queryByCategory(ManageServiceImpl.java:47) - 查询列表pid:2id:1page:2
[08:28:37:391] [DEBUG] - com.li.controller.ManageController.query(ManageController.java:232) - pid=2id=1的总数count:26
[08:28:37:392] [DEBUG] - com.li.controller.ManageController.query(ManageController.java:238) - querybyBackList
[08:28:41:036] [DEBUG] - com.li.service.impl.ManageServiceImpl.queryByCategory(ManageServiceImpl.java:47) - 查询列表pid:2id:1page:3
[08:28:41:041] [DEBUG] - com.li.controller.ManageController.query(ManageController.java:232) - pid=2id=1的总数count:26
[08:28:41:042] [DEBUG] - com.li.controller.ManageController.query(ManageController.java:238) - querybyBackList
[08:28:44:829] [DEBUG] - com.li.service.impl.ManageServiceImpl.queryByCategory(ManageServiceImpl.java:47) - 查询列表pid:2id:1page:2
[08:28:44:837] [DEBUG] - com.li.controller.ManageController.query(ManageController.java:232) - pid=2id=1的总数count:26
[08:28:44:841] [DEBUG] - com.li.controller.ManageController.query(ManageController.java:238) - querybyBackList
[08:28:46:861] [DEBUG] - com.li.service.impl.ManageServiceImpl.queryByCategory(ManageServiceImpl.java:47) - 查询列表pid:2id:1page:1
[08:28:46:868] [DEBUG] - com.li.controller.ManageController.query(ManageController.java:232) - pid=2id=1的总数count:26
[08:28:46:869] [DEBUG] - com.li.controller.ManageController.query(ManageController.java:238) - querybyBackList
[08:29:22:400] [DEBUG] - com.li.controller.NewsImageController.uploadImage1(NewsImageController.java:64) - 上传
[08:29:22:410] [DEBUG] - com.li.controller.NewsImageController.uploadImage1(NewsImageController.java:91) - callback1fileUrl/displayImage/1.PNG
[08:29:52:108] [DEBUG] - com.li.controller.NewsImageController.uploadImage1(NewsImageController.java:64) - 上传
[08:29:52:114] [DEBUG] - com.li.controller.NewsImageController.uploadImage1(NewsImageController.java:91) - callback1fileUrl/displayImage/1.PNG
[08:30:10:916] [DEBUG] - com.li.controller.NewsImageController.uploadImage1(NewsImageController.java:64) - 上传
[08:30:10:922] [DEBUG] - com.li.controller.NewsImageController.uploadImage1(NewsImageController.java:91) - callback1fileUrl/displayImage/1.PNG
[08:31:10:548] [DEBUG] - com.li.controller.NewsImageController.uploadImage1(NewsImageController.java:64) - 上传
[08:31:10:554] [DEBUG] - com.li.controller.NewsImageController.uploadImage1(NewsImageController.java:91) - callback1fileUrl/displayImage/1.PNG
[08:32:39:020] [DEBUG] - com.li.controller.ManageController.insert(ManageController.java:98) - 1
[08:32:39:053] [DEBUG] - com.li.service.impl.ForeServiceImpl.queryNews(ForeServiceImpl.java:19) - 1531787559023
[08:32:49:609] [DEBUG] - com.li.service.impl.ManageServiceImpl.queryByCategory(ManageServiceImpl.java:47) - 查询列表pid:2id:1page:1
[08:32:49:615] [DEBUG] - com.li.controller.LoginController.login(LoginController.java:48) - totalpage3
[08:32:51:299] [DEBUG] - com.li.service.impl.ForeServiceImpl.queryNews(ForeServiceImpl.java:19) - 1531787559023
[08:32:55:694] [DEBUG] - com.li.service.impl.ForeServiceImpl.queryNews(ForeServiceImpl.java:19) - 1531787559023
[08:32:55:700] [DEBUG] - com.li.controller.ManageController.update(ManageController.java:162) - titleImagenull
[08:34:27:467] [DEBUG] - com.li.service.impl.ManageServiceImpl.queryByCategory(ManageServiceImpl.java:47) - 查询列表pid:2id:1page:1
[08:34:27:472] [DEBUG] - com.li.controller.LoginController.login(LoginController.java:48) - totalpage3
[08:34:31:233] [DEBUG] - com.li.service.impl.ForeServiceImpl.queryNews(ForeServiceImpl.java:19) - 1531786909102
[08:34:31:238] [DEBUG] - com.li.controller.ManageController.update(ManageController.java:162) - titleImagenull
[08:37:50:071] [DEBUG] - com.li.security.MyUserDetailsService.loadUserByUsername(MyUserDetailsService.java:28) - admin密码$2a$10$gHonI5g6zgRb0IUHOCP5Xe8hzAl2ptHBdd2Qnc4k8fL4AOTWrQINS
[08:37:50:078] [DEBUG] - com.li.security.MyUserDetailsService.loadUserByUsername(MyUserDetailsService.java:36) - ADMIN
[08:37:50:079] [DEBUG] - com.li.security.MyUserDetailsService.loadUserByUsername(MyUserDetailsService.java:36) - USER
[08:37:52:988] [DEBUG] - com.li.service.impl.ManageServiceImpl.queryByCategory(ManageServiceImpl.java:47) - 查询列表pid:2id:1page:1
[08:37:53:006] [DEBUG] - com.li.controller.LoginController.login(LoginController.java:48) - totalpage3
[08:38:15:663] [DEBUG] - com.li.service.impl.ForeServiceImpl.queryNews(ForeServiceImpl.java:19) - 1531786909102
[08:38:15:678] [DEBUG] - com.li.controller.ManageController.update(ManageController.java:162) - titleImagenull
[08:38:26:882] [DEBUG] - com.li.service.impl.ManageServiceImpl.queryByCategory(ManageServiceImpl.java:47) - 查询列表pid:2id:1page:1
[08:38:26:891] [DEBUG] - com.li.controller.LoginController.login(LoginController.java:48) - totalpage3
[08:38:29:371] [DEBUG] - com.li.service.impl.ForeServiceImpl.queryNews(ForeServiceImpl.java:19) - 1531787559023
[08:38:29:378] [DEBUG] - com.li.controller.ManageController.update(ManageController.java:162) - titleImagenull
[08:39:18:383] [DEBUG] - com.li.service.impl.ManageServiceImpl.queryByCategory(ManageServiceImpl.java:47) - 查询列表pid:2id:1page:1
[08:39:18:389] [DEBUG] - com.li.controller.LoginController.login(LoginController.java:48) - totalpage3
[08:39:20:790] [DEBUG] - com.li.service.impl.ForeServiceImpl.queryNews(ForeServiceImpl.java:19) - 1531787559023
[08:39:20:797] [DEBUG] - com.li.controller.ManageController.update(ManageController.java:162) - titleImagenull
[08:40:36:015] [DEBUG] - com.li.controller.ForeController.query(ForeController.java:42) - 1
[08:40:36:016] [DEBUG] - com.li.service.impl.ManageServiceImpl.queryByCategory(ManageServiceImpl.java:47) - 查询列表pid:2id:1page:1
[08:40:36:025] [DEBUG] - com.li.controller.ForeController.query(ForeController.java:63) - pid=2id=1的总数count:27
[08:40:36:026] [DEBUG] - com.li.controller.ForeController.query(ForeController.java:74) - 返回到news_info
[08:40:38:993] [DEBUG] - com.li.service.impl.ManageServiceImpl.queryByCategory(ManageServiceImpl.java:47) - 查询列表pid:2id:1page:1
[08:40:39:001] [DEBUG] - com.li.controller.LoginController.login(LoginController.java:48) - totalpage3
[08:40:42:010] [DEBUG] - com.li.service.impl.ForeServiceImpl.queryNews(ForeServiceImpl.java:19) - 1531787559023
[08:40:42:014] [DEBUG] - com.li.controller.ManageController.update(ManageController.java:162) - titleImagenull
[08:41:16:575] [DEBUG] - com.li.service.impl.ForeServiceImpl.queryNews(ForeServiceImpl.java:19) - 266
[08:41:39:455] [DEBUG] - com.li.controller.ForeController.query(ForeController.java:42) - 1
[08:41:39:455] [DEBUG] - com.li.service.impl.ManageServiceImpl.queryByCategory(ManageServiceImpl.java:47) - 查询列表pid:2id:1page:1
[08:41:39:463] [DEBUG] - com.li.controller.ForeController.query(ForeController.java:63) - pid=2id=1的总数count:27
[08:41:39:464] [DEBUG] - com.li.controller.ForeController.query(ForeController.java:74) - 返回到news_info
[08:41:42:148] [DEBUG] - com.li.service.impl.ManageServiceImpl.queryByCategory(ManageServiceImpl.java:47) - 查询列表pid:2id:1page:1
[08:41:42:152] [DEBUG] - com.li.controller.LoginController.login(LoginController.java:48) - totalpage3
[08:42:02:748] [DEBUG] - com.li.controller.ManageController.insert(ManageController.java:98) - dsfafaadfasfds
[08:42:02:766] [DEBUG] - com.li.service.impl.ForeServiceImpl.queryNews(ForeServiceImpl.java:19) - 1531788122751
[08:59:32:142] [DEBUG] - com.li.service.impl.ManageServiceImpl.queryByCategory(ManageServiceImpl.java:47) - 查询列表pid:3id:2page:1
[08:59:32:158] [DEBUG] - com.li.service.impl.ManageServiceImpl.queryByCategory(ManageServiceImpl.java:47) - 查询列表pid:2id:1page:1
[08:59:32:167] [DEBUG] - com.li.service.impl.ManageServiceImpl.queryByCategory(ManageServiceImpl.java:47) - 查询列表pid:2id:2page:1
[08:59:32:173] [DEBUG] - com.li.service.impl.ManageServiceImpl.queryByCategory(ManageServiceImpl.java:47) - 查询列表pid:6id:1page:1
[08:59:43:764] [DEBUG] - com.li.security.MyUserDetailsService.loadUserByUsername(MyUserDetailsService.java:28) - admin密码$2a$10$gHonI5g6zgRb0IUHOCP5Xe8hzAl2ptHBdd2Qnc4k8fL4AOTWrQINS
[08:59:43:765] [DEBUG] - com.li.security.MyUserDetailsService.loadUserByUsername(MyUserDetailsService.java:36) - ADMIN
[08:59:43:766] [DEBUG] - com.li.security.MyUserDetailsService.loadUserByUsername(MyUserDetailsService.java:36) - USER
[08:59:43:871] [DEBUG] - com.li.service.impl.ManageServiceImpl.queryByCategory(ManageServiceImpl.java:47) - 查询列表pid:2id:1page:1
[08:59:43:882] [DEBUG] - com.li.controller.LoginController.login(LoginController.java:48) - totalpage3
[08:59:46:684] [DEBUG] - com.li.service.impl.ForeServiceImpl.queryNews(ForeServiceImpl.java:19) - 1531787559023
[08:59:46:692] [DEBUG] - com.li.controller.ManageController.update(ManageController.java:162) - titleImagenull
[10:03:58:888] [DEBUG] - com.li.service.impl.ManageServiceImpl.queryByCategory(ManageServiceImpl.java:47) - 查询列表pid:3id:2page:1
[10:03:58:905] [DEBUG] - com.li.service.impl.ManageServiceImpl.queryByCategory(ManageServiceImpl.java:47) - 查询列表pid:2id:1page:1
[10:03:58:915] [DEBUG] - com.li.service.impl.ManageServiceImpl.queryByCategory(ManageServiceImpl.java:47) - 查询列表pid:2id:2page:1
[10:03:58:921] [DEBUG] - com.li.service.impl.ManageServiceImpl.queryByCategory(ManageServiceImpl.java:47) - 查询列表pid:6id:1page:1
[10:04:08:421] [DEBUG] - com.li.security.MyUserDetailsService.loadUserByUsername(MyUserDetailsService.java:28) - admin密码$2a$10$gHonI5g6zgRb0IUHOCP5Xe8hzAl2ptHBdd2Qnc4k8fL4AOTWrQINS
[10:04:08:423] [DEBUG] - com.li.security.MyUserDetailsService.loadUserByUsername(MyUserDetailsService.java:36) - ADMIN
[10:04:08:424] [DEBUG] - com.li.security.MyUserDetailsService.loadUserByUsername(MyUserDetailsService.java:36) - USER
[10:04:08:528] [DEBUG] - com.li.service.impl.ManageServiceImpl.queryByCategory(ManageServiceImpl.java:47) - 查询列表pid:2id:1page:1
[10:04:08:537] [DEBUG] - com.li.controller.LoginController.login(LoginController.java:48) - totalpage3
[10:04:52:396] [DEBUG] - com.li.controller.ManageController.insert(ManageController.java:98) - fdg
[10:04:52:423] [DEBUG] - com.li.service.impl.ForeServiceImpl.queryNews(ForeServiceImpl.java:19) - 1531793092398
[10:07:41:351] [DEBUG] - com.li.service.impl.ManageServiceImpl.queryByCategory(ManageServiceImpl.java:47) - 查询列表pid:3id:2page:1
[10:07:41:363] [DEBUG] - com.li.service.impl.ManageServiceImpl.queryByCategory(ManageServiceImpl.java:47) - 查询列表pid:2id:1page:1
[10:07:41:374] [DEBUG] - com.li.service.impl.ManageServiceImpl.queryByCategory(ManageServiceImpl.java:47) - 查询列表pid:2id:2page:1
[10:07:41:381] [DEBUG] - com.li.service.impl.ManageServiceImpl.queryByCategory(ManageServiceImpl.java:47) - 查询列表pid:6id:1page:1
[10:07:42:380] [DEBUG] - com.li.service.impl.ManageServiceImpl.queryByCategory(ManageServiceImpl.java:47) - 查询列表pid:3id:2page:1
[10:07:42:387] [DEBUG] - com.li.service.impl.ManageServiceImpl.queryByCategory(ManageServiceImpl.java:47) - 查询列表pid:2id:1page:1
[10:07:42:393] [DEBUG] - com.li.service.impl.ManageServiceImpl.queryByCategory(ManageServiceImpl.java:47) - 查询列表pid:2id:2page:1
[10:07:42:399] [DEBUG] - com.li.service.impl.ManageServiceImpl.queryByCategory(ManageServiceImpl.java:47) - 查询列表pid:6id:1page:1
[10:07:56:063] [DEBUG] - com.li.security.MyUserDetailsService.loadUserByUsername(MyUserDetailsService.java:28) - admin密码$2a$10$gHonI5g6zgRb0IUHOCP5Xe8hzAl2ptHBdd2Qnc4k8fL4AOTWrQINS
[10:07:56:064] [DEBUG] - com.li.security.MyUserDetailsService.loadUserByUsername(MyUserDetailsService.java:36) - ADMIN
[10:07:56:065] [DEBUG] - com.li.security.MyUserDetailsService.loadUserByUsername(MyUserDetailsService.java:36) - USER
[10:07:56:171] [DEBUG] - com.li.service.impl.ManageServiceImpl.queryByCategory(ManageServiceImpl.java:47) - 查询列表pid:2id:1page:1
[10:07:56:182] [DEBUG] - com.li.controller.LoginController.login(LoginController.java:48) - totalpage3
[10:08:12:103] [DEBUG] - com.li.controller.ManageController.insert(ManageController.java:98) - dsfg
[10:08:12:128] [DEBUG] - com.li.service.impl.ForeServiceImpl.queryNews(ForeServiceImpl.java:19) - 1531793292105
[10:12:51:438] [DEBUG] - com.li.controller.ForeController.query(ForeController.java:42) - 1
[10:12:51:439] [DEBUG] - com.li.service.impl.ManageServiceImpl.queryByCategory(ManageServiceImpl.java:47) - 查询列表pid:2id:2page:1
[10:12:51:446] [DEBUG] - com.li.controller.ForeController.query(ForeController.java:63) - pid=2id=2的总数count:21
[10:12:51:447] [DEBUG] - com.li.controller.ForeController.query(ForeController.java:74) - 返回到news_info
[10:12:53:078] [DEBUG] - com.li.service.impl.ForeServiceImpl.queryNews(ForeServiceImpl.java:19) - 267
[10:32:12:514] [DEBUG] - com.li.service.impl.ForeServiceImpl.queryNews(ForeServiceImpl.java:19) - 267
[10:34:11:978] [DEBUG] - com.li.controller.ForeController.query(ForeController.java:42) - 1
[10:34:11:993] [DEBUG] - com.li.service.impl.ManageServiceImpl.queryByCategory(ManageServiceImpl.java:47) - 查询列表pid:2id:1page:1
[10:34:12:013] [DEBUG] - com.li.controller.ForeController.query(ForeController.java:63) - pid=2id=1的总数count:30
[10:34:12:014] [DEBUG] - com.li.controller.ForeController.query(ForeController.java:74) - 返回到news_info
[10:34:18:009] [DEBUG] - com.li.service.impl.ForeServiceImpl.queryNews(ForeServiceImpl.java:19) - 1531793092398
[10:36:12:561] [DEBUG] - com.li.service.impl.ForeServiceImpl.queryNews(ForeServiceImpl.java:19) - 1531793092398
[10:37:13:954] [DEBUG] - com.li.security.MyUserDetailsService.loadUserByUsername(MyUserDetailsService.java:28) - admin密码$2a$10$gHonI5g6zgRb0IUHOCP5Xe8hzAl2ptHBdd2Qnc4k8fL4AOTWrQINS
[10:37:13:956] [DEBUG] - com.li.security.MyUserDetailsService.loadUserByUsername(MyUserDetailsService.java:36) - ADMIN
[10:37:13:956] [DEBUG] - com.li.security.MyUserDetailsService.loadUserByUsername(MyUserDetailsService.java:36) - USER
[10:37:14:068] [DEBUG] - com.li.service.impl.ManageServiceImpl.queryByCategory(ManageServiceImpl.java:47) - 查询列表pid:2id:1page:1
[10:37:14:079] [DEBUG] - com.li.controller.LoginController.login(LoginController.java:48) - totalpage3
[10:37:16:557] [DEBUG] - com.li.service.impl.ManageServiceImpl.queryByCategory(ManageServiceImpl.java:47) - 查询列表pid:2id:1page:1
[10:37:16:567] [DEBUG] - com.li.controller.ManageController.query(ManageController.java:232) - pid=2id=1的总数count:30
[10:37:16:568] [DEBUG] - com.li.controller.ManageController.query(ManageController.java:238) - querybyBackList
[10:37:33:379] [DEBUG] - com.li.controller.NewsImageController.uploadImage1(NewsImageController.java:64) - 上传
[10:37:33:400] [DEBUG] - com.li.controller.NewsImageController.uploadImage1(NewsImageController.java:91) - callback1fileUrl/displayImage/1.PNG
[10:38:31:483] [DEBUG] - com.li.controller.ManageController.insert(ManageController.java:98) - dsfafsafasf
[10:38:31:505] [DEBUG] - com.li.service.impl.ForeServiceImpl.queryNews(ForeServiceImpl.java:19) - 1531795111485
[10:42:20:487] [DEBUG] - com.li.service.impl.ManageServiceImpl.queryByCategory(ManageServiceImpl.java:47) - 查询列表pid:3id:2page:1
[10:42:20:497] [DEBUG] - com.li.service.impl.ManageServiceImpl.queryByCategory(ManageServiceImpl.java:47) - 查询列表pid:2id:1page:1
[10:42:20:501] [DEBUG] - com.li.service.impl.ManageServiceImpl.queryByCategory(ManageServiceImpl.java:47) - 查询列表pid:2id:2page:1
[10:42:20:507] [DEBUG] - com.li.service.impl.ManageServiceImpl.queryByCategory(ManageServiceImpl.java:47) - 查询列表pid:6id:1page:1
[10:43:00:611] [DEBUG] - com.li.controller.ForeController.query(ForeController.java:42) - 1
[10:43:00:613] [DEBUG] - com.li.service.impl.ManageServiceImpl.queryByCategory(ManageServiceImpl.java:47) - 查询列表pid:2id:1page:1
[10:43:00:622] [DEBUG] - com.li.controller.ForeController.query(ForeController.java:63) - pid=2id=1的总数count:31
[10:43:00:623] [DEBUG] - com.li.controller.ForeController.query(ForeController.java:74) - 返回到news_info
[10:43:02:547] [DEBUG] - com.li.service.impl.ManageServiceImpl.queryByCategory(ManageServiceImpl.java:47) - 查询列表pid:3id:2page:1
[10:43:02:553] [DEBUG] - com.li.service.impl.ManageServiceImpl.queryByCategory(ManageServiceImpl.java:47) - 查询列表pid:2id:1page:1
[10:43:02:557] [DEBUG] - com.li.service.impl.ManageServiceImpl.queryByCategory(ManageServiceImpl.java:47) - 查询列表pid:2id:2page:1
[10:43:02:561] [DEBUG] - com.li.service.impl.ManageServiceImpl.queryByCategory(ManageServiceImpl.java:47) - 查询列表pid:6id:1page:1
[10:45:25:735] [DEBUG] - com.li.service.impl.ManageServiceImpl.queryByCategory(ManageServiceImpl.java:47) - 查询列表pid:3id:2page:1
[10:45:25:740] [DEBUG] - com.li.service.impl.ManageServiceImpl.queryByCategory(ManageServiceImpl.java:47) - 查询列表pid:2id:1page:1
[10:45:25:747] [DEBUG] - com.li.service.impl.ManageServiceImpl.queryByCategory(ManageServiceImpl.java:47) - 查询列表pid:2id:2page:1
[10:45:25:751] [DEBUG] - com.li.service.impl.ManageServiceImpl.queryByCategory(ManageServiceImpl.java:47) - 查询列表pid:6id:1page:1
[10:54:43:939] [DEBUG] - com.li.service.impl.ManageServiceImpl.queryByCategory(ManageServiceImpl.java:47) - 查询列表pid:3id:2page:1
[10:54:43:944] [DEBUG] - com.li.service.impl.ManageServiceImpl.queryByCategory(ManageServiceImpl.java:47) - 查询列表pid:2id:1page:1
[10:54:43:948] [DEBUG] - com.li.service.impl.ManageServiceImpl.queryByCategory(ManageServiceImpl.java:47) - 查询列表pid:2id:2page:1
[10:54:43:953] [DEBUG] - com.li.service.impl.ManageServiceImpl.queryByCategory(ManageServiceImpl.java:47) - 查询列表pid:6id:1page:1
[10:54:46:012] [DEBUG] - com.li.service.impl.ManageServiceImpl.queryByCategory(ManageServiceImpl.java:47) - 查询列表pid:2id:1page:1
[10:54:46:023] [DEBUG] - com.li.controller.LoginController.login(LoginController.java:48) - totalpage4
[10:55:18:432] [DEBUG] - com.li.controller.ManageController.insert(ManageController.java:98) - 的孙菲菲
[10:55:18:439] [DEBUG] - com.li.service.impl.ForeServiceImpl.queryNews(ForeServiceImpl.java:19) - 1531796118433
[10:55:25:665] [DEBUG] - com.li.service.impl.ManageServiceImpl.queryByCategory(ManageServiceImpl.java:47) - 查询列表pid:3id:2page:1
[10:55:25:670] [DEBUG] - com.li.service.impl.ManageServiceImpl.queryByCategory(ManageServiceImpl.java:47) - 查询列表pid:2id:1page:1
[10:55:25:674] [DEBUG] - com.li.service.impl.ManageServiceImpl.queryByCategory(ManageServiceImpl.java:47) - 查询列表pid:2id:2page:1
[10:55:25:679] [DEBUG] - com.li.service.impl.ManageServiceImpl.queryByCategory(ManageServiceImpl.java:47) - 查询列表pid:6id:1page:1
[10:55:37:318] [DEBUG] - com.li.service.impl.ManageServiceImpl.queryByCategory(ManageServiceImpl.java:47) - 查询列表pid:3id:2page:1
[10:55:37:324] [DEBUG] - com.li.service.impl.ManageServiceImpl.queryByCategory(ManageServiceImpl.java:47) - 查询列表pid:2id:1page:1
[10:55:37:329] [DEBUG] - com.li.service.impl.ManageServiceImpl.queryByCategory(ManageServiceImpl.java:47) - 查询列表pid:2id:2page:1
[10:55:37:333] [DEBUG] - com.li.service.impl.ManageServiceImpl.queryByCategory(ManageServiceImpl.java:47) - 查询列表pid:6id:1page:1
[10:55:46:402] [DEBUG] - com.li.service.impl.ManageServiceImpl.queryByCategory(ManageServiceImpl.java:47) - 查询列表pid:3id:2page:1
[10:55:46:405] [DEBUG] - com.li.service.impl.ManageServiceImpl.queryByCategory(ManageServiceImpl.java:47) - 查询列表pid:2id:1page:1
[10:55:46:411] [DEBUG] - com.li.service.impl.ManageServiceImpl.queryByCategory(ManageServiceImpl.java:47) - 查询列表pid:2id:2page:1
[10:55:46:414] [DEBUG] - com.li.service.impl.ManageServiceImpl.queryByCategory(ManageServiceImpl.java:47) - 查询列表pid:6id:1page:1
[10:59:19:269] [DEBUG] - com.li.service.impl.ManageServiceImpl.queryByCategory(ManageServiceImpl.java:47) - 查询列表pid:3id:2page:1
[10:59:19:276] [DEBUG] - com.li.service.impl.ManageServiceImpl.queryByCategory(ManageServiceImpl.java:47) - 查询列表pid:2id:1page:1
[10:59:19:280] [DEBUG] - com.li.service.impl.ManageServiceImpl.queryByCategory(ManageServiceImpl.java:47) - 查询列表pid:2id:2page:1
[10:59:19:284] [DEBUG] - com.li.service.impl.ManageServiceImpl.queryByCategory(ManageServiceImpl.java:47) - 查询列表pid:6id:1page:1
[16:36:50:041] [DEBUG] - com.li.service.impl.ManageServiceImpl.queryByCategory(ManageServiceImpl.java:47) - 查询列表pid:3id:2page:1
[16:36:50:060] [DEBUG] - com.li.service.impl.ManageServiceImpl.queryByCategory(ManageServiceImpl.java:47) - 查询列表pid:2id:1page:1
[16:36:50:070] [DEBUG] - com.li.service.impl.ManageServiceImpl.queryByCategory(ManageServiceImpl.java:47) - 查询列表pid:2id:2page:1
[16:36:50:078] [DEBUG] - com.li.service.impl.ManageServiceImpl.queryByCategory(ManageServiceImpl.java:47) - 查询列表pid:6id:1page:1
[16:37:01:458] [DEBUG] - com.li.security.MyUserDetailsService.loadUserByUsername(MyUserDetailsService.java:28) - admin密码$2a$10$gHonI5g6zgRb0IUHOCP5Xe8hzAl2ptHBdd2Qnc4k8fL4AOTWrQINS
[16:37:01:460] [DEBUG] - com.li.security.MyUserDetailsService.loadUserByUsername(MyUserDetailsService.java:36) - ADMIN
[16:37:01:461] [DEBUG] - com.li.security.MyUserDetailsService.loadUserByUsername(MyUserDetailsService.java:36) - USER
[16:37:01:565] [DEBUG] - com.li.service.impl.ManageServiceImpl.queryByCategory(ManageServiceImpl.java:47) - 查询列表pid:2id:1page:1
[16:37:01:574] [DEBUG] - com.li.controller.LoginController.login(LoginController.java:48) - totalpage4
[16:37:53:505] [DEBUG] - com.li.controller.NewsImageController.uploadImage1(NewsImageController.java:64) - 上传
[16:37:53:511] [DEBUG] - com.li.controller.NewsImageController.uploadImage1(NewsImageController.java:91) - callback1fileUrl/displayImage/1.PNG
[16:38:17:143] [DEBUG] - com.li.controller.ManageController.insert(ManageController.java:98) - dsfdgdgf
[16:38:17:173] [DEBUG] - com.li.service.impl.ForeServiceImpl.queryNews(ForeServiceImpl.java:19) - 1531816697146
[17:00:33:588] [DEBUG] - com.li.service.impl.ManageServiceImpl.queryByCategory(ManageServiceImpl.java:47) - 查询列表pid:3id:2page:1
[17:00:33:603] [DEBUG] - com.li.service.impl.ManageServiceImpl.queryByCategory(ManageServiceImpl.java:47) - 查询列表pid:2id:1page:1
[17:00:33:613] [DEBUG] - com.li.service.impl.ManageServiceImpl.queryByCategory(ManageServiceImpl.java:47) - 查询列表pid:2id:2page:1
[17:00:33:618] [DEBUG] - com.li.service.impl.ManageServiceImpl.queryByCategory(ManageServiceImpl.java:47) - 查询列表pid:6id:1page:1
[17:00:34:143] [DEBUG] - com.li.service.impl.ManageServiceImpl.queryByCategory(ManageServiceImpl.java:47) - 查询列表pid:3id:2page:1
[17:00:34:151] [DEBUG] - com.li.service.impl.ManageServiceImpl.queryByCategory(ManageServiceImpl.java:47) - 查询列表pid:2id:1page:1
[17:00:34:157] [DEBUG] - com.li.service.impl.ManageServiceImpl.queryByCategory(ManageServiceImpl.java:47) - 查询列表pid:2id:2page:1
[17:00:34:162] [DEBUG] - com.li.service.impl.ManageServiceImpl.queryByCategory(ManageServiceImpl.java:47) - 查询列表pid:6id:1page:1
[17:00:44:727] [DEBUG] - com.li.security.MyUserDetailsService.loadUserByUsername(MyUserDetailsService.java:28) - admin密码$2a$10$gHonI5g6zgRb0IUHOCP5Xe8hzAl2ptHBdd2Qnc4k8fL4AOTWrQINS
[17:00:44:729] [DEBUG] - com.li.security.MyUserDetailsService.loadUserByUsername(MyUserDetailsService.java:36) - ADMIN
[17:00:44:729] [DEBUG] - com.li.security.MyUserDetailsService.loadUserByUsername(MyUserDetailsService.java:36) - USER
[17:00:44:834] [DEBUG] - com.li.service.impl.ManageServiceImpl.queryByCategory(ManageServiceImpl.java:47) - 查询列表pid:2id:1page:1
[17:00:44:844] [DEBUG] - com.li.controller.LoginController.login(LoginController.java:48) - totalpage4
[17:01:14:663] [DEBUG] - com.li.controller.ManageController.insert(ManageController.java:98) - 论文
[17:01:21:357] [DEBUG] - com.li.service.impl.ManageServiceImpl.queryByCategory(ManageServiceImpl.java:47) - 查询列表pid:2id:1page:1
[17:01:21:365] [DEBUG] - com.li.controller.ManageController.query(ManageController.java:232) - pid=2id=1的总数count:34
[17:01:21:366] [DEBUG] - com.li.controller.ManageController.query(ManageController.java:238) - querybyBackList
[17:01:23:209] [DEBUG] - com.li.service.impl.ForeServiceImpl.queryNews(ForeServiceImpl.java:19) - 1531818074665
[17:10:07:290] [DEBUG] - com.li.service.impl.ManageServiceImpl.queryByCategory(ManageServiceImpl.java:47) - 查询列表pid:3id:2page:1
[17:10:07:295] [DEBUG] - com.li.service.impl.ManageServiceImpl.queryByCategory(ManageServiceImpl.java:47) - 查询列表pid:2id:1page:1
[17:10:07:298] [DEBUG] - com.li.service.impl.ManageServiceImpl.queryByCategory(ManageServiceImpl.java:47) - 查询列表pid:2id:2page:1
[17:10:07:300] [DEBUG] - com.li.service.impl.ManageServiceImpl.queryByCategory(ManageServiceImpl.java:47) - 查询列表pid:6id:1page:1
[17:10:12:991] [DEBUG] - com.li.service.impl.ManageServiceImpl.queryByCategory(ManageServiceImpl.java:47) - 查询列表pid:2id:1page:1
[17:10:12:994] [DEBUG] - com.li.controller.LoginController.login(LoginController.java:48) - totalpage0
[17:10:29:426] [DEBUG] - com.li.controller.ManageController.insert(ManageController.java:98) - hello
[17:10:29:440] [DEBUG] - com.li.service.impl.ForeServiceImpl.queryNews(ForeServiceImpl.java:19) - 1531818629427
[17:11:41:905] [DEBUG] - com.li.controller.ForeController.query(ForeController.java:42) - 1
[17:11:41:907] [DEBUG] - com.li.service.impl.ManageServiceImpl.queryByCategory(ManageServiceImpl.java:47) - 查询列表pid:2id:1page:1
[17:11:41:912] [DEBUG] - com.li.controller.ForeController.query(ForeController.java:63) - pid=2id=1的总数count:1
[17:11:41:912] [DEBUG] - com.li.controller.ForeController.query(ForeController.java:74) - 返回到news_info
[17:11:44:206] [DEBUG] - com.li.service.impl.ForeServiceImpl.queryNews(ForeServiceImpl.java:19) - 1531818629427
[17:11:58:135] [DEBUG] - com.li.controller.ForeController.query(ForeController.java:42) - 1
[17:11:58:136] [DEBUG] - com.li.service.impl.ManageServiceImpl.queryByCategory(ManageServiceImpl.java:47) - 查询列表pid:6id:1page:1
[17:11:58:139] [DEBUG] - com.li.controller.ForeController.query(ForeController.java:63) - pid=6id=1的总数count:0
[17:11:58:140] [DEBUG] - com.li.controller.ForeController.query(ForeController.java:74) - 返回到news_info
[17:12:00:412] [DEBUG] - com.li.controller.ForeController.query(ForeController.java:42) - 1
[17:12:00:413] [DEBUG] - com.li.service.impl.ManageServiceImpl.queryByCategory(ManageServiceImpl.java:47) - 查询列表pid:6id:2page:1
[17:12:00:416] [DEBUG] - com.li.controller.ForeController.query(ForeController.java:63) - pid=6id=2的总数count:0
[17:12:00:417] [DEBUG] - com.li.controller.ForeController.query(ForeController.java:74) - 返回到news_info
[17:12:02:353] [DEBUG] - com.li.controller.ForeController.query(ForeController.java:42) - 1
[17:12:02:354] [DEBUG] - com.li.service.impl.ManageServiceImpl.queryByCategory(ManageServiceImpl.java:47) - 查询列表pid:5id:1page:1
[17:12:02:360] [DEBUG] - com.li.controller.ForeController.query(ForeController.java:63) - pid=5id=1的总数count:0
[17:12:02:360] [DEBUG] - com.li.controller.ForeController.query(ForeController.java:74) - 返回到news_info
[17:12:03:738] [DEBUG] - com.li.service.impl.ResearchTeamServiceImpl.query(ResearchTeamServiceImpl.java:45) - []
[17:12:03:739] [DEBUG] - com.li.controller.ResearchTeamController.query(ResearchTeamController.java:146) - {}
[17:12:04:522] [DEBUG] - com.li.controller.ForeController.query(ForeController.java:42) - 1
[17:12:04:523] [DEBUG] - com.li.service.impl.ManageServiceImpl.queryByCategory(ManageServiceImpl.java:47) - 查询列表pid:3id:1page:1
[17:12:04:527] [DEBUG] - com.li.controller.ForeController.query(ForeController.java:63) - pid=3id=1的总数count:0
[17:12:04:528] [DEBUG] - com.li.controller.ForeController.query(ForeController.java:74) - 返回到news_info
[17:12:05:336] [DEBUG] - com.li.controller.ForeController.query(ForeController.java:42) - 1
[17:12:05:336] [DEBUG] - com.li.service.impl.ManageServiceImpl.queryByCategory(ManageServiceImpl.java:47) - 查询列表pid:2id:1page:1
[17:12:05:340] [DEBUG] - com.li.controller.ForeController.query(ForeController.java:63) - pid=2id=1的总数count:1
[17:12:05:341] [DEBUG] - com.li.controller.ForeController.query(ForeController.java:74) - 返回到news_info
[17:12:06:032] [DEBUG] - com.li.controller.ForeController.query(ForeController.java:42) - 1
[17:12:06:033] [DEBUG] - com.li.service.impl.ManageServiceImpl.queryByCategory(ManageServiceImpl.java:47) - 查询列表pid:1id:1page:1
[17:12:09:433] [DEBUG] - com.li.controller.ForeController.query(ForeController.java:42) - 1
[17:12:09:434] [DEBUG] - com.li.service.impl.ManageServiceImpl.queryByCategory(ManageServiceImpl.java:47) - 查询列表pid:2id:1page:1
[17:12:09:437] [DEBUG] - com.li.controller.ForeController.query(ForeController.java:63) - pid=2id=1的总数count:1
[17:12:09:438] [DEBUG] - com.li.controller.ForeController.query(ForeController.java:74) - 返回到news_info
[17:12:12:763] [DEBUG] - com.li.service.impl.ManageServiceImpl.queryByCategory(ManageServiceImpl.java:47) - 查询列表pid:2id:1page:1
[17:12:12:767] [DEBUG] - com.li.controller.LoginController.login(LoginController.java:48) - totalpage1
[17:12:13:724] [DEBUG] - com.li.service.impl.ManageServiceImpl.queryByCategory(ManageServiceImpl.java:47) - 查询列表pid:1id:1page:1
[17:12:13:728] [DEBUG] - com.li.controller.ManageController.query(ManageController.java:232) - pid=1id=1的总数count:0
[17:12:13:729] [DEBUG] - com.li.controller.ManageController.query(ManageController.java:238) - querybyBackList
[17:12:24:336] [DEBUG] - com.li.controller.ManageController.insert(ManageController.java:98) - 水电费
[17:12:24:346] [DEBUG] - com.li.service.impl.ForeServiceImpl.queryNews(ForeServiceImpl.java:19) - 1531818744337
[17:12:33:136] [DEBUG] - com.li.controller.ForeController.query(ForeController.java:42) - 1
[17:12:33:137] [DEBUG] - com.li.service.impl.ManageServiceImpl.queryByCategory(ManageServiceImpl.java:47) - 查询列表pid:1id:1page:1
[17:12:33:139] [DEBUG] - com.li.service.impl.ForeServiceImpl.queryNews(ForeServiceImpl.java:19) - 1531818744337
[17:12:33:142] [DEBUG] - com.li.controller.ForeController.query(ForeController.java:55) - 实验室简介
