17:00:33.588 DEBUG com.li.service.impl.ManageServiceImpl 47 queryByCategory - 查询列表pid:3id:2page:1
17:00:33.603 DEBUG com.li.service.impl.ManageServiceImpl 47 queryByCategory - 查询列表pid:2id:1page:1
17:00:33.613 DEBUG com.li.service.impl.ManageServiceImpl 47 queryByCategory - 查询列表pid:2id:2page:1
17:00:33.618 DEBUG com.li.service.impl.ManageServiceImpl 47 queryByCategory - 查询列表pid:6id:1page:1
17:00:34.143 DEBUG com.li.service.impl.ManageServiceImpl 47 queryByCategory - 查询列表pid:3id:2page:1
17:00:34.151 DEBUG com.li.service.impl.ManageServiceImpl 47 queryByCategory - 查询列表pid:2id:1page:1
17:00:34.157 DEBUG com.li.service.impl.ManageServiceImpl 47 queryByCategory - 查询列表pid:2id:2page:1
17:00:34.162 DEBUG com.li.service.impl.ManageServiceImpl 47 queryByCategory - 查询列表pid:6id:1page:1
17:00:44.727 DEBUG com.li.security.MyUserDetailsService 28 loadUserByUsername - admin密码$2a$10$gHonI5g6zgRb0IUHOCP5Xe8hzAl2ptHBdd2Qnc4k8fL4AOTWrQINS
17:00:44.729 DEBUG com.li.security.MyUserDetailsService 36 loadUserByUsername - ADMIN
17:00:44.729 DEBUG com.li.security.MyUserDetailsService 36 loadUserByUsername - USER
17:00:44.834 DEBUG com.li.service.impl.ManageServiceImpl 47 queryByCategory - 查询列表pid:2id:1page:1
17:00:44.844 DEBUG com.li.controller.LoginController 48 login - totalpage4
17:01:14.663 DEBUG com.li.controller.ManageController 98 insert - 论文
17:01:21.357 DEBUG com.li.service.impl.ManageServiceImpl 47 queryByCategory - 查询列表pid:2id:1page:1
17:01:21.365 DEBUG com.li.controller.ManageController 232 query - pid=2id=1的总数count:34
17:01:21.366 DEBUG com.li.controller.ManageController 238 query - querybyBackList
17:01:23.209 DEBUG com.li.service.impl.ForeServiceImpl 19 queryNews - 1531818074665
17:10:07.290 DEBUG com.li.service.impl.ManageServiceImpl 47 queryByCategory - 查询列表pid:3id:2page:1
17:10:07.295 DEBUG com.li.service.impl.ManageServiceImpl 47 queryByCategory - 查询列表pid:2id:1page:1
17:10:07.298 DEBUG com.li.service.impl.ManageServiceImpl 47 queryByCategory - 查询列表pid:2id:2page:1
17:10:07.300 DEBUG com.li.service.impl.ManageServiceImpl 47 queryByCategory - 查询列表pid:6id:1page:1
17:10:12.991 DEBUG com.li.service.impl.ManageServiceImpl 47 queryByCategory - 查询列表pid:2id:1page:1
17:10:12.994 DEBUG com.li.controller.LoginController 48 login - totalpage0
17:10:29.426 DEBUG com.li.controller.ManageController 98 insert - hello
17:10:29.440 DEBUG com.li.service.impl.ForeServiceImpl 19 queryNews - 1531818629427
17:11:41.905 DEBUG com.li.controller.ForeController 42 query - 1
17:11:41.907 DEBUG com.li.service.impl.ManageServiceImpl 47 queryByCategory - 查询列表pid:2id:1page:1
17:11:41.912 DEBUG com.li.controller.ForeController 63 query - pid=2id=1的总数count:1
17:11:41.912 DEBUG com.li.controller.ForeController 74 query - 返回到news_info
17:11:44.206 DEBUG com.li.service.impl.ForeServiceImpl 19 queryNews - 1531818629427
17:11:58.135 DEBUG com.li.controller.ForeController 42 query - 1
17:11:58.136 DEBUG com.li.service.impl.ManageServiceImpl 47 queryByCategory - 查询列表pid:6id:1page:1
17:11:58.139 DEBUG com.li.controller.ForeController 63 query - pid=6id=1的总数count:0
17:11:58.140 DEBUG com.li.controller.ForeController 74 query - 返回到news_info
17:12:00.412 DEBUG com.li.controller.ForeController 42 query - 1
17:12:00.413 DEBUG com.li.service.impl.ManageServiceImpl 47 queryByCategory - 查询列表pid:6id:2page:1
17:12:00.416 DEBUG com.li.controller.ForeController 63 query - pid=6id=2的总数count:0
17:12:00.417 DEBUG com.li.controller.ForeController 74 query - 返回到news_info
17:12:02.353 DEBUG com.li.controller.ForeController 42 query - 1
17:12:02.354 DEBUG com.li.service.impl.ManageServiceImpl 47 queryByCategory - 查询列表pid:5id:1page:1
17:12:02.360 DEBUG com.li.controller.ForeController 63 query - pid=5id=1的总数count:0
17:12:02.360 DEBUG com.li.controller.ForeController 74 query - 返回到news_info
17:12:03.738 DEBUG com.li.service.impl.ResearchTeamServiceImpl 45 query - []
17:12:03.739 DEBUG com.li.controller.ResearchTeamController 146 query - {}
17:12:04.522 DEBUG com.li.controller.ForeController 42 query - 1
17:12:04.523 DEBUG com.li.service.impl.ManageServiceImpl 47 queryByCategory - 查询列表pid:3id:1page:1
17:12:04.527 DEBUG com.li.controller.ForeController 63 query - pid=3id=1的总数count:0
17:12:04.528 DEBUG com.li.controller.ForeController 74 query - 返回到news_info
17:12:05.336 DEBUG com.li.controller.ForeController 42 query - 1
17:12:05.336 DEBUG com.li.service.impl.ManageServiceImpl 47 queryByCategory - 查询列表pid:2id:1page:1
17:12:05.340 DEBUG com.li.controller.ForeController 63 query - pid=2id=1的总数count:1
17:12:05.341 DEBUG com.li.controller.ForeController 74 query - 返回到news_info
17:12:06.032 DEBUG com.li.controller.ForeController 42 query - 1
17:12:06.033 DEBUG com.li.service.impl.ManageServiceImpl 47 queryByCategory - 查询列表pid:1id:1page:1
17:12:09.433 DEBUG com.li.controller.ForeController 42 query - 1
17:12:09.434 DEBUG com.li.service.impl.ManageServiceImpl 47 queryByCategory - 查询列表pid:2id:1page:1
17:12:09.437 DEBUG com.li.controller.ForeController 63 query - pid=2id=1的总数count:1
17:12:09.438 DEBUG com.li.controller.ForeController 74 query - 返回到news_info
17:12:12.763 DEBUG com.li.service.impl.ManageServiceImpl 47 queryByCategory - 查询列表pid:2id:1page:1
17:12:12.767 DEBUG com.li.controller.LoginController 48 login - totalpage1
17:12:13.724 DEBUG com.li.service.impl.ManageServiceImpl 47 queryByCategory - 查询列表pid:1id:1page:1
17:12:13.728 DEBUG com.li.controller.ManageController 232 query - pid=1id=1的总数count:0
17:12:13.729 DEBUG com.li.controller.ManageController 238 query - querybyBackList
17:12:24.336 DEBUG com.li.controller.ManageController 98 insert - 水电费
17:12:24.346 DEBUG com.li.service.impl.ForeServiceImpl 19 queryNews - 1531818744337
17:12:33.136 DEBUG com.li.controller.ForeController 42 query - 1
17:12:33.137 DEBUG com.li.service.impl.ManageServiceImpl 47 queryByCategory - 查询列表pid:1id:1page:1
17:12:33.139 DEBUG com.li.service.impl.ForeServiceImpl 19 queryNews - 1531818744337
17:12:33.142 DEBUG com.li.controller.ForeController 55 query - 实验室简介
