[10:49:55:667] [DEBUG] - com.li.service.impl.ManageServiceImpl.queryByCategory(ManageServiceImpl.java:47) - 查询列表pid:3id:2page:1
[10:49:55:703] [DEBUG] - com.li.service.impl.ManageServiceImpl.queryByCategory(ManageServiceImpl.java:47) - 查询列表pid:2id:1page:1
[10:49:55:708] [DEBUG] - com.li.service.impl.ManageServiceImpl.queryByCategory(ManageServiceImpl.java:47) - 查询列表pid:2id:2page:1
[10:49:55:711] [DEBUG] - com.li.service.impl.ManageServiceImpl.queryByCategory(ManageServiceImpl.java:47) - 查询列表pid:6id:1page:1
[10:50:01:792] [DEBUG] - com.li.service.impl.ManageServiceImpl.queryByCategory(ManageServiceImpl.java:47) - 查询列表pid:3id:2page:1
[10:50:01:795] [DEBUG] - com.li.service.impl.ManageServiceImpl.queryByCategory(ManageServiceImpl.java:47) - 查询列表pid:2id:1page:1
[10:50:01:809] [DEBUG] - com.li.service.impl.ManageServiceImpl.queryByCategory(ManageServiceImpl.java:47) - 查询列表pid:2id:2page:1
[10:50:01:812] [DEBUG] - com.li.service.impl.ManageServiceImpl.queryByCategory(ManageServiceImpl.java:47) - 查询列表pid:6id:1page:1
[10:50:03:137] [DEBUG] - com.li.controller.ForeController.query(ForeController.java:42) - 1
[10:50:03:138] [DEBUG] - com.li.service.impl.ManageServiceImpl.queryByCategory(ManageServiceImpl.java:47) - 查询列表pid:2id:1page:1
[10:50:03:148] [DEBUG] - com.li.controller.ForeController.query(ForeController.java:63) - pid=2id=1的总数count:8
[10:50:03:149] [DEBUG] - com.li.controller.ForeController.query(ForeController.java:74) - 返回到news_info
[10:50:04:820] [DEBUG] - com.li.service.impl.ForeServiceImpl.queryNews(ForeServiceImpl.java:19) - 1531985641936
[10:52:10:422] [DEBUG] - com.li.security.MyUserDetailsService.loadUserByUsername(MyUserDetailsService.java:28) - admin密码$2a$10$gHonI5g6zgRb0IUHOCP5Xe8hzAl2ptHBdd2Qnc4k8fL4AOTWrQINS
[10:52:10:423] [DEBUG] - com.li.security.MyUserDetailsService.loadUserByUsername(MyUserDetailsService.java:36) - ADMIN
[10:52:10:423] [DEBUG] - com.li.security.MyUserDetailsService.loadUserByUsername(MyUserDetailsService.java:36) - USER
[10:52:10:525] [DEBUG] - com.li.service.impl.ManageServiceImpl.queryByCategory(ManageServiceImpl.java:47) - 查询列表pid:2id:1page:1
[10:52:10:534] [DEBUG] - com.li.controller.LoginController.login(LoginController.java:48) - totalpage1
[10:52:58:860] [DEBUG] - com.li.controller.NewsImageController.uploadImage1(NewsImageController.java:64) - 上传
[10:52:58:867] [DEBUG] - com.li.controller.NewsImageController.uploadImage1(NewsImageController.java:91) - callback1fileUrl/displayImage/1.PNG
[10:53:11:723] [DEBUG] - com.li.controller.ManageController.insert(ManageController.java:98) - dfdg
[10:53:11:748] [DEBUG] - com.li.service.impl.ForeServiceImpl.queryNews(ForeServiceImpl.java:19) - 1532141591726
[10:54:09:080] [DEBUG] - com.li.service.impl.ManageServiceImpl.queryByCategory(ManageServiceImpl.java:47) - 查询列表pid:2id:1page:1
[10:54:09:087] [DEBUG] - com.li.controller.LoginController.login(LoginController.java:48) - totalpage1
[10:55:15:702] [DEBUG] - com.li.service.impl.ForeServiceImpl.queryNews(ForeServiceImpl.java:19) - 1532141591726
[10:55:18:582] [DEBUG] - com.li.controller.ForeController.query(ForeController.java:42) - 1
[10:55:18:583] [DEBUG] - com.li.service.impl.ManageServiceImpl.queryByCategory(ManageServiceImpl.java:47) - 查询列表pid:2id:2page:1
[10:55:18:587] [DEBUG] - com.li.controller.ForeController.query(ForeController.java:63) - pid=2id=2的总数count:0
[10:55:18:588] [DEBUG] - com.li.controller.ForeController.query(ForeController.java:74) - 返回到news_info
[10:55:20:722] [DEBUG] - com.li.controller.ForeController.query(ForeController.java:42) - 1
[10:55:20:723] [DEBUG] - com.li.service.impl.ManageServiceImpl.queryByCategory(ManageServiceImpl.java:47) - 查询列表pid:3id:1page:1
[10:55:20:729] [DEBUG] - com.li.controller.ForeController.query(ForeController.java:63) - pid=3id=1的总数count:1
[10:55:20:730] [DEBUG] - com.li.controller.ForeController.query(ForeController.java:74) - 返回到news_info
[10:55:21:564] [DEBUG] - com.li.service.impl.ResearchTeamServiceImpl.query(ResearchTeamServiceImpl.java:45) - [教授, 团队负责人]
[10:55:21:569] [DEBUG] - com.li.controller.ResearchTeamController.query(ResearchTeamController.java:146) - {教授=[NewsList{htmlid=1531871622417, pid='4', id='1', title='dfdgf', date='2018-07-18', titleImage='', type='教授'}, NewsList{htmlid=1531874479639, pid='4', id='1', title='dsfdgf', date='2018-07-18', titleImage='/displayImage/1531874479636.png', type='教授'}, NewsList{htmlid=1531875938975, pid='4', id='1', title='dsfdgfg', date='2018-07-18', titleImage='', type='教授'}, NewsList{htmlid=1531876222074, pid='4', id='1', title='dsfdsf', date='2018-07-18', titleImage='', type='教授'}], 团队负责人=[NewsList{htmlid=1531872950584, pid='4', id='1', title='sdfdsgg', date='2018-07-18', titleImage='', type='团队负责人'}]}
[10:55:22:138] [DEBUG] - com.li.controller.ForeController.query(ForeController.java:42) - 1
[10:55:22:138] [DEBUG] - com.li.service.impl.ManageServiceImpl.queryByCategory(ManageServiceImpl.java:47) - 查询列表pid:5id:1page:1
[10:55:22:142] [DEBUG] - com.li.controller.ForeController.query(ForeController.java:63) - pid=5id=1的总数count:0
[10:55:22:143] [DEBUG] - com.li.controller.ForeController.query(ForeController.java:74) - 返回到news_info
[10:55:23:080] [DEBUG] - com.li.service.impl.ResearchTeamServiceImpl.query(ResearchTeamServiceImpl.java:45) - [教授, 团队负责人]
[10:55:23:086] [DEBUG] - com.li.controller.ResearchTeamController.query(ResearchTeamController.java:146) - {教授=[NewsList{htmlid=1531871622417, pid='4', id='1', title='dfdgf', date='2018-07-18', titleImage='', type='教授'}, NewsList{htmlid=1531874479639, pid='4', id='1', title='dsfdgf', date='2018-07-18', titleImage='/displayImage/1531874479636.png', type='教授'}, NewsList{htmlid=1531875938975, pid='4', id='1', title='dsfdgfg', date='2018-07-18', titleImage='', type='教授'}, NewsList{htmlid=1531876222074, pid='4', id='1', title='dsfdsf', date='2018-07-18', titleImage='', type='教授'}], 团队负责人=[NewsList{htmlid=1531872950584, pid='4', id='1', title='sdfdsgg', date='2018-07-18', titleImage='', type='团队负责人'}]}
[10:55:25:922] [DEBUG] - com.li.service.impl.ManageServiceImpl.queryByCategory(ManageServiceImpl.java:47) - 查询列表pid:3id:2page:1
[10:55:25:925] [DEBUG] - com.li.service.impl.ManageServiceImpl.queryByCategory(ManageServiceImpl.java:47) - 查询列表pid:2id:1page:1
[10:55:25:930] [DEBUG] - com.li.service.impl.ManageServiceImpl.queryByCategory(ManageServiceImpl.java:47) - 查询列表pid:2id:2page:1
[10:55:25:933] [DEBUG] - com.li.service.impl.ManageServiceImpl.queryByCategory(ManageServiceImpl.java:47) - 查询列表pid:6id:1page:1
[10:55:28:118] [DEBUG] - com.li.service.impl.ForeServiceImpl.queryNews(ForeServiceImpl.java:19) - 1531872950584
[10:55:30:082] [DEBUG] - com.li.service.impl.ManageServiceImpl.queryByCategory(ManageServiceImpl.java:47) - 查询列表pid:3id:2page:1
[10:55:30:085] [DEBUG] - com.li.service.impl.ManageServiceImpl.queryByCategory(ManageServiceImpl.java:47) - 查询列表pid:2id:1page:1
[10:55:30:088] [DEBUG] - com.li.service.impl.ManageServiceImpl.queryByCategory(ManageServiceImpl.java:47) - 查询列表pid:2id:2page:1
[10:55:30:091] [DEBUG] - com.li.service.impl.ManageServiceImpl.queryByCategory(ManageServiceImpl.java:47) - 查询列表pid:6id:1page:1
[10:55:41:813] [DEBUG] - com.li.service.impl.ForeServiceImpl.queryNews(ForeServiceImpl.java:19) - 1531872950584
[10:55:42:892] [DEBUG] - com.li.service.impl.ResearchTeamServiceImpl.query(ResearchTeamServiceImpl.java:45) - [教授, 团队负责人]
[10:55:42:900] [DEBUG] - com.li.controller.ResearchTeamController.query(ResearchTeamController.java:146) - {教授=[NewsList{htmlid=1531871622417, pid='4', id='1', title='dfdgf', date='2018-07-18', titleImage='', type='教授'}, NewsList{htmlid=1531874479639, pid='4', id='1', title='dsfdgf', date='2018-07-18', titleImage='/displayImage/1531874479636.png', type='教授'}, NewsList{htmlid=1531875938975, pid='4', id='1', title='dsfdgfg', date='2018-07-18', titleImage='', type='教授'}, NewsList{htmlid=1531876222074, pid='4', id='1', title='dsfdsf', date='2018-07-18', titleImage='', type='教授'}], 团队负责人=[NewsList{htmlid=1531872950584, pid='4', id='1', title='sdfdsgg', date='2018-07-18', titleImage='', type='团队负责人'}]}
[10:55:45:732] [DEBUG] - com.li.service.impl.ResearchTeamServiceImpl.query(ResearchTeamServiceImpl.java:45) - [教授, 团队负责人]
[10:55:45:737] [DEBUG] - com.li.controller.ResearchTeamController.query(ResearchTeamController.java:146) - {教授=[NewsList{htmlid=1531871622417, pid='4', id='1', title='dfdgf', date='2018-07-18', titleImage='', type='教授'}, NewsList{htmlid=1531874479639, pid='4', id='1', title='dsfdgf', date='2018-07-18', titleImage='/displayImage/1531874479636.png', type='教授'}, NewsList{htmlid=1531875938975, pid='4', id='1', title='dsfdgfg', date='2018-07-18', titleImage='', type='教授'}, NewsList{htmlid=1531876222074, pid='4', id='1', title='dsfdsf', date='2018-07-18', titleImage='', type='教授'}], 团队负责人=[NewsList{htmlid=1531872950584, pid='4', id='1', title='sdfdsgg', date='2018-07-18', titleImage='', type='团队负责人'}]}
[11:12:38:565] [DEBUG] - com.li.service.impl.ManageServiceImpl.queryByCategory(ManageServiceImpl.java:47) - 查询列表pid:3id:2page:1
[11:12:38:579] [DEBUG] - com.li.service.impl.ManageServiceImpl.queryByCategory(ManageServiceImpl.java:47) - 查询列表pid:2id:1page:1
[11:12:38:584] [DEBUG] - com.li.service.impl.ManageServiceImpl.queryByCategory(ManageServiceImpl.java:47) - 查询列表pid:2id:2page:1
[11:12:38:587] [DEBUG] - com.li.service.impl.ManageServiceImpl.queryByCategory(ManageServiceImpl.java:47) - 查询列表pid:6id:1page:1
[11:12:49:853] [DEBUG] - com.li.security.MyUserDetailsService.loadUserByUsername(MyUserDetailsService.java:28) - admin密码$2a$10$gHonI5g6zgRb0IUHOCP5Xe8hzAl2ptHBdd2Qnc4k8fL4AOTWrQINS
[11:12:49:855] [DEBUG] - com.li.security.MyUserDetailsService.loadUserByUsername(MyUserDetailsService.java:36) - ADMIN
[11:12:49:855] [DEBUG] - com.li.security.MyUserDetailsService.loadUserByUsername(MyUserDetailsService.java:36) - USER
[11:12:49:960] [DEBUG] - com.li.service.impl.ManageServiceImpl.queryByCategory(ManageServiceImpl.java:47) - 查询列表pid:2id:1page:1
[11:12:49:971] [DEBUG] - com.li.controller.LoginController.login(LoginController.java:48) - totalpage1
[11:13:07:074] [DEBUG] - com.li.controller.NewsImageController.uploadImage1(NewsImageController.java:64) - 上传
[11:13:07:081] [DEBUG] - com.li.controller.NewsImageController.uploadImage1(NewsImageController.java:91) - callback1fileUrl/displayImage/1.PNG
[11:13:26:246] [DEBUG] - com.li.controller.NewsImageController.uploadImage1(NewsImageController.java:64) - 上传
[11:13:26:251] [DEBUG] - com.li.controller.NewsImageController.uploadImage1(NewsImageController.java:91) - callback1fileUrl/displayImage/1.PNG
[11:13:44:146] [DEBUG] - com.li.controller.ManageController.insert(ManageController.java:98) - 地方沟沟壑壑
[11:13:44:170] [DEBUG] - com.li.service.impl.ForeServiceImpl.queryNews(ForeServiceImpl.java:19) - 1532142824147
[14:47:51:716] [DEBUG] - com.li.service.impl.ManageServiceImpl.queryByCategory(ManageServiceImpl.java:47) - 查询列表pid:3id:2page:1
[14:47:51:729] [DEBUG] - com.li.service.impl.ManageServiceImpl.queryByCategory(ManageServiceImpl.java:47) - 查询列表pid:2id:1page:1
[14:47:51:734] [DEBUG] - com.li.service.impl.ManageServiceImpl.queryByCategory(ManageServiceImpl.java:47) - 查询列表pid:2id:2page:1
[14:47:51:737] [DEBUG] - com.li.service.impl.ManageServiceImpl.queryByCategory(ManageServiceImpl.java:47) - 查询列表pid:6id:1page:1
[14:47:52:656] [DEBUG] - com.li.service.impl.ManageServiceImpl.queryByCategory(ManageServiceImpl.java:47) - 查询列表pid:3id:2page:1
[14:47:52:660] [DEBUG] - com.li.service.impl.ManageServiceImpl.queryByCategory(ManageServiceImpl.java:47) - 查询列表pid:2id:1page:1
[14:47:52:670] [DEBUG] - com.li.service.impl.ManageServiceImpl.queryByCategory(ManageServiceImpl.java:47) - 查询列表pid:2id:2page:1
[14:47:52:673] [DEBUG] - com.li.service.impl.ManageServiceImpl.queryByCategory(ManageServiceImpl.java:47) - 查询列表pid:6id:1page:1
[14:48:38:379] [DEBUG] - com.li.security.MyUserDetailsService.loadUserByUsername(MyUserDetailsService.java:28) - admin密码$2a$10$gHonI5g6zgRb0IUHOCP5Xe8hzAl2ptHBdd2Qnc4k8fL4AOTWrQINS
[14:48:38:380] [DEBUG] - com.li.security.MyUserDetailsService.loadUserByUsername(MyUserDetailsService.java:36) - ADMIN
[14:48:38:380] [DEBUG] - com.li.security.MyUserDetailsService.loadUserByUsername(MyUserDetailsService.java:36) - USER
[14:48:38:483] [DEBUG] - com.li.service.impl.ManageServiceImpl.queryByCategory(ManageServiceImpl.java:47) - 查询列表pid:2id:1page:1
[14:48:38:490] [DEBUG] - com.li.controller.LoginController.login(LoginController.java:48) - totalpage1
[14:49:01:787] [DEBUG] - com.li.controller.NewsImageController.uploadImage1(NewsImageController.java:64) - 上传
[14:49:01:794] [DEBUG] - com.li.controller.NewsImageController.uploadImage1(NewsImageController.java:91) - callback1fileUrl/displayImage/1.PNG
[14:49:13:433] [DEBUG] - com.li.controller.ManageController.insert(ManageController.java:98) - dfg
[14:49:13:461] [DEBUG] - com.li.service.impl.ForeServiceImpl.queryNews(ForeServiceImpl.java:19) - 1532155753435
[14:50:04:015] [DEBUG] - com.li.service.impl.ManageServiceImpl.queryByCategory(ManageServiceImpl.java:47) - 查询列表pid:2id:1page:1
[14:50:04:025] [DEBUG] - com.li.controller.LoginController.login(LoginController.java:48) - totalpage2
[14:50:11:543] [DEBUG] - com.li.controller.ManageController.insert(ManageController.java:98) - 
[14:50:11:552] [DEBUG] - com.li.service.impl.ForeServiceImpl.queryNews(ForeServiceImpl.java:19) - 1532155811544
[15:38:03:655] [DEBUG] - com.li.service.impl.ManageServiceImpl.queryByCategory(ManageServiceImpl.java:47) - 查询列表pid:3id:2page:1
[15:38:03:675] [DEBUG] - com.li.service.impl.ManageServiceImpl.queryByCategory(ManageServiceImpl.java:47) - 查询列表pid:2id:1page:1
[15:38:03:680] [DEBUG] - com.li.service.impl.ManageServiceImpl.queryByCategory(ManageServiceImpl.java:47) - 查询列表pid:2id:2page:1
[15:38:03:684] [DEBUG] - com.li.service.impl.ManageServiceImpl.queryByCategory(ManageServiceImpl.java:47) - 查询列表pid:6id:1page:1
[15:38:13:475] [DEBUG] - com.li.security.MyUserDetailsService.loadUserByUsername(MyUserDetailsService.java:28) - admin密码$2a$10$gHonI5g6zgRb0IUHOCP5Xe8hzAl2ptHBdd2Qnc4k8fL4AOTWrQINS
[15:38:13:476] [DEBUG] - com.li.security.MyUserDetailsService.loadUserByUsername(MyUserDetailsService.java:36) - ADMIN
[15:38:13:477] [DEBUG] - com.li.security.MyUserDetailsService.loadUserByUsername(MyUserDetailsService.java:36) - USER
[15:38:13:582] [DEBUG] - com.li.service.impl.ManageServiceImpl.queryByCategory(ManageServiceImpl.java:47) - 查询列表pid:2id:1page:1
[15:38:13:592] [DEBUG] - com.li.controller.LoginController.login(LoginController.java:48) - totalpage2
[15:38:40:211] [DEBUG] - com.li.controller.ManageController.insert(ManageController.java:98) - 
[15:38:40:248] [DEBUG] - com.li.service.impl.ForeServiceImpl.queryNews(ForeServiceImpl.java:19) - 1532158720214
[15:43:12:752] [DEBUG] - com.li.service.impl.ManageServiceImpl.queryByCategory(ManageServiceImpl.java:47) - 查询列表pid:3id:2page:1
[15:43:12:764] [DEBUG] - com.li.service.impl.ManageServiceImpl.queryByCategory(ManageServiceImpl.java:47) - 查询列表pid:2id:1page:1
[15:43:12:770] [DEBUG] - com.li.service.impl.ManageServiceImpl.queryByCategory(ManageServiceImpl.java:47) - 查询列表pid:2id:2page:1
[15:43:12:773] [DEBUG] - com.li.service.impl.ManageServiceImpl.queryByCategory(ManageServiceImpl.java:47) - 查询列表pid:6id:1page:1
[15:43:24:540] [DEBUG] - com.li.security.MyUserDetailsService.loadUserByUsername(MyUserDetailsService.java:28) - admin密码$2a$10$gHonI5g6zgRb0IUHOCP5Xe8hzAl2ptHBdd2Qnc4k8fL4AOTWrQINS
[15:43:24:542] [DEBUG] - com.li.security.MyUserDetailsService.loadUserByUsername(MyUserDetailsService.java:36) - ADMIN
[15:43:24:543] [DEBUG] - com.li.security.MyUserDetailsService.loadUserByUsername(MyUserDetailsService.java:36) - USER
[15:43:24:648] [DEBUG] - com.li.service.impl.ManageServiceImpl.queryByCategory(ManageServiceImpl.java:47) - 查询列表pid:2id:1page:1
[15:43:24:659] [DEBUG] - com.li.controller.LoginController.login(LoginController.java:48) - totalpage2
[15:44:10:580] [DEBUG] - com.li.service.impl.ManageServiceImpl.queryByCategory(ManageServiceImpl.java:47) - 查询列表pid:3id:2page:1
[15:44:10:589] [DEBUG] - com.li.service.impl.ManageServiceImpl.queryByCategory(ManageServiceImpl.java:47) - 查询列表pid:2id:1page:1
[15:44:10:595] [DEBUG] - com.li.service.impl.ManageServiceImpl.queryByCategory(ManageServiceImpl.java:47) - 查询列表pid:2id:2page:1
[15:44:10:597] [DEBUG] - com.li.service.impl.ManageServiceImpl.queryByCategory(ManageServiceImpl.java:47) - 查询列表pid:6id:1page:1
[15:44:11:189] [DEBUG] - com.li.service.impl.ManageServiceImpl.queryByCategory(ManageServiceImpl.java:47) - 查询列表pid:3id:2page:1
[15:44:11:193] [DEBUG] - com.li.service.impl.ManageServiceImpl.queryByCategory(ManageServiceImpl.java:47) - 查询列表pid:2id:1page:1
[15:44:11:206] [DEBUG] - com.li.service.impl.ManageServiceImpl.queryByCategory(ManageServiceImpl.java:47) - 查询列表pid:2id:2page:1
[15:44:11:210] [DEBUG] - com.li.service.impl.ManageServiceImpl.queryByCategory(ManageServiceImpl.java:47) - 查询列表pid:6id:1page:1
[15:44:20:732] [DEBUG] - com.li.security.MyUserDetailsService.loadUserByUsername(MyUserDetailsService.java:28) - admin密码$2a$10$gHonI5g6zgRb0IUHOCP5Xe8hzAl2ptHBdd2Qnc4k8fL4AOTWrQINS
[15:44:20:733] [DEBUG] - com.li.security.MyUserDetailsService.loadUserByUsername(MyUserDetailsService.java:36) - ADMIN
[15:44:20:734] [DEBUG] - com.li.security.MyUserDetailsService.loadUserByUsername(MyUserDetailsService.java:36) - USER
[15:44:20:847] [DEBUG] - com.li.service.impl.ManageServiceImpl.queryByCategory(ManageServiceImpl.java:47) - 查询列表pid:2id:1page:1
[15:44:20:855] [DEBUG] - com.li.controller.LoginController.login(LoginController.java:48) - totalpage2
[15:44:37:106] [DEBUG] - com.li.controller.ManageController.insert(ManageController.java:98) - dfg
[15:44:37:135] [DEBUG] - com.li.service.impl.ForeServiceImpl.queryNews(ForeServiceImpl.java:19) - 1532159077108
[15:53:54:888] [DEBUG] - com.li.service.impl.ManageServiceImpl.queryByCategory(ManageServiceImpl.java:47) - 查询列表pid:3id:2page:1
[15:53:54:900] [DEBUG] - com.li.service.impl.ManageServiceImpl.queryByCategory(ManageServiceImpl.java:47) - 查询列表pid:2id:1page:1
[15:53:54:906] [DEBUG] - com.li.service.impl.ManageServiceImpl.queryByCategory(ManageServiceImpl.java:47) - 查询列表pid:2id:2page:1
[15:53:54:909] [DEBUG] - com.li.service.impl.ManageServiceImpl.queryByCategory(ManageServiceImpl.java:47) - 查询列表pid:6id:1page:1
[15:54:04:222] [DEBUG] - com.li.security.MyUserDetailsService.loadUserByUsername(MyUserDetailsService.java:28) - admin密码$2a$10$gHonI5g6zgRb0IUHOCP5Xe8hzAl2ptHBdd2Qnc4k8fL4AOTWrQINS
[15:54:04:223] [DEBUG] - com.li.security.MyUserDetailsService.loadUserByUsername(MyUserDetailsService.java:36) - ADMIN
[15:54:04:224] [DEBUG] - com.li.security.MyUserDetailsService.loadUserByUsername(MyUserDetailsService.java:36) - USER
[15:54:04:328] [DEBUG] - com.li.service.impl.ManageServiceImpl.queryByCategory(ManageServiceImpl.java:47) - 查询列表pid:2id:1page:1
[15:54:04:338] [DEBUG] - com.li.controller.LoginController.login(LoginController.java:48) - totalpage2
[15:54:15:040] [DEBUG] - com.li.controller.ManageController.insert(ManageController.java:98) - 
[15:54:15:069] [DEBUG] - com.li.service.impl.ForeServiceImpl.queryNews(ForeServiceImpl.java:19) - 1532159655042
[16:01:38:284] [DEBUG] - com.li.service.impl.ManageServiceImpl.queryByCategory(ManageServiceImpl.java:47) - 查询列表pid:3id:2page:1
[16:01:38:294] [DEBUG] - com.li.service.impl.ManageServiceImpl.queryByCategory(ManageServiceImpl.java:47) - 查询列表pid:2id:1page:1
[16:01:38:299] [DEBUG] - com.li.service.impl.ManageServiceImpl.queryByCategory(ManageServiceImpl.java:47) - 查询列表pid:2id:2page:1
[16:01:38:302] [DEBUG] - com.li.service.impl.ManageServiceImpl.queryByCategory(ManageServiceImpl.java:47) - 查询列表pid:6id:1page:1
[16:01:49:463] [DEBUG] - com.li.security.MyUserDetailsService.loadUserByUsername(MyUserDetailsService.java:28) - admin密码$2a$10$gHonI5g6zgRb0IUHOCP5Xe8hzAl2ptHBdd2Qnc4k8fL4AOTWrQINS
[16:01:49:465] [DEBUG] - com.li.security.MyUserDetailsService.loadUserByUsername(MyUserDetailsService.java:36) - ADMIN
[16:01:49:466] [DEBUG] - com.li.security.MyUserDetailsService.loadUserByUsername(MyUserDetailsService.java:36) - USER
[16:01:49:572] [DEBUG] - com.li.service.impl.ManageServiceImpl.queryByCategory(ManageServiceImpl.java:47) - 查询列表pid:2id:1page:1
[16:01:49:583] [DEBUG] - com.li.controller.LoginController.login(LoginController.java:48) - totalpage2
[16:02:01:806] [DEBUG] - com.li.controller.ManageController.insert(ManageController.java:98) - 
[16:02:01:829] [DEBUG] - com.li.service.impl.ForeServiceImpl.queryNews(ForeServiceImpl.java:19) - 1532160121809
[16:02:36:120] [DEBUG] - com.li.service.impl.ManageServiceImpl.queryByCategory(ManageServiceImpl.java:47) - 查询列表pid:3id:2page:1
[16:02:36:123] [DEBUG] - com.li.service.impl.ManageServiceImpl.queryByCategory(ManageServiceImpl.java:47) - 查询列表pid:2id:1page:1
[16:02:36:129] [DEBUG] - com.li.service.impl.ManageServiceImpl.queryByCategory(ManageServiceImpl.java:47) - 查询列表pid:2id:2page:1
[16:02:36:131] [DEBUG] - com.li.service.impl.ManageServiceImpl.queryByCategory(ManageServiceImpl.java:47) - 查询列表pid:6id:1page:1
[16:02:38:511] [DEBUG] - com.li.service.impl.ManageServiceImpl.queryByCategory(ManageServiceImpl.java:47) - 查询列表pid:2id:1page:1
[16:02:38:521] [DEBUG] - com.li.controller.LoginController.login(LoginController.java:48) - totalpage2
[16:02:47:287] [DEBUG] - com.li.controller.ManageController.insert(ManageController.java:98) - dfgg
[16:02:47:295] [DEBUG] - com.li.service.impl.ForeServiceImpl.queryNews(ForeServiceImpl.java:19) - 1532160167289
[16:02:57:262] [DEBUG] - com.li.service.impl.ManageServiceImpl.queryByCategory(ManageServiceImpl.java:47) - 查询列表pid:2id:1page:1
[16:02:57:271] [DEBUG] - com.li.controller.LoginController.login(LoginController.java:48) - totalpage2
[16:03:10:470] [DEBUG] - com.li.controller.NewsImageController.uploadImage1(NewsImageController.java:64) - 上传
[16:03:10:478] [DEBUG] - com.li.controller.NewsImageController.uploadImage1(NewsImageController.java:91) - callback1fileUrl/displayImage/1.PNG
[16:03:28:292] [DEBUG] - com.li.controller.NewsImageController.uploadImage1(NewsImageController.java:64) - 上传
[16:03:28:295] [DEBUG] - com.li.controller.NewsImageController.uploadImage1(NewsImageController.java:91) - callback1fileUrl/displayImage/1530612569808.png
[16:03:32:453] [DEBUG] - com.li.controller.ManageController.insert(ManageController.java:98) - 
[16:03:32:460] [DEBUG] - com.li.service.impl.ForeServiceImpl.queryNews(ForeServiceImpl.java:19) - 1532160212454
[17:04:57:554] [DEBUG] - com.li.service.impl.ManageServiceImpl.queryByCategory(ManageServiceImpl.java:47) - 查询列表pid:3id:2page:1
[17:04:57:566] [DEBUG] - com.li.service.impl.ManageServiceImpl.queryByCategory(ManageServiceImpl.java:47) - 查询列表pid:2id:1page:1
[17:04:57:572] [DEBUG] - com.li.service.impl.ManageServiceImpl.queryByCategory(ManageServiceImpl.java:47) - 查询列表pid:2id:2page:1
[17:04:57:575] [DEBUG] - com.li.service.impl.ManageServiceImpl.queryByCategory(ManageServiceImpl.java:47) - 查询列表pid:6id:1page:1
[17:04:58:017] [DEBUG] - com.li.service.impl.ManageServiceImpl.queryByCategory(ManageServiceImpl.java:47) - 查询列表pid:3id:2page:1
[17:04:58:020] [DEBUG] - com.li.service.impl.ManageServiceImpl.queryByCategory(ManageServiceImpl.java:47) - 查询列表pid:2id:1page:1
[17:04:58:031] [DEBUG] - com.li.service.impl.ManageServiceImpl.queryByCategory(ManageServiceImpl.java:47) - 查询列表pid:2id:2page:1
[17:04:58:035] [DEBUG] - com.li.service.impl.ManageServiceImpl.queryByCategory(ManageServiceImpl.java:47) - 查询列表pid:6id:1page:1
[17:05:42:891] [DEBUG] - com.li.controller.ForeController.query(ForeController.java:42) - 1
[17:05:42:892] [DEBUG] - com.li.service.impl.ManageServiceImpl.queryByCategory(ManageServiceImpl.java:47) - 查询列表pid:2id:1page:1
[17:05:42:903] [DEBUG] - com.li.controller.ForeController.query(ForeController.java:63) - pid=2id=1的总数count:18
[17:05:42:904] [DEBUG] - com.li.controller.ForeController.query(ForeController.java:74) - 返回到news_info
[17:05:46:263] [DEBUG] - com.li.controller.ForeController.query(ForeController.java:42) - 2
[17:05:46:263] [DEBUG] - com.li.service.impl.ManageServiceImpl.queryByCategory(ManageServiceImpl.java:47) - 查询列表pid:2id:1page:2
[17:05:46:270] [DEBUG] - com.li.controller.ForeController.query(ForeController.java:63) - pid=2id=1的总数count:18
[17:05:46:271] [DEBUG] - com.li.controller.ForeController.query(ForeController.java:74) - 返回到news_info
[17:05:49:113] [DEBUG] - com.li.controller.ForeController.query(ForeController.java:42) - 1
[17:05:49:114] [DEBUG] - com.li.service.impl.ManageServiceImpl.queryByCategory(ManageServiceImpl.java:47) - 查询列表pid:2id:1page:1
[17:05:49:120] [DEBUG] - com.li.controller.ForeController.query(ForeController.java:63) - pid=2id=1的总数count:18
[17:05:49:121] [DEBUG] - com.li.controller.ForeController.query(ForeController.java:74) - 返回到news_info
[17:05:49:774] [DEBUG] - com.li.service.impl.ManageServiceImpl.queryByCategory(ManageServiceImpl.java:47) - 查询列表pid:3id:2page:1
[17:05:49:777] [DEBUG] - com.li.service.impl.ManageServiceImpl.queryByCategory(ManageServiceImpl.java:47) - 查询列表pid:2id:1page:1
[17:05:49:783] [DEBUG] - com.li.service.impl.ManageServiceImpl.queryByCategory(ManageServiceImpl.java:47) - 查询列表pid:2id:2page:1
[17:05:49:785] [DEBUG] - com.li.service.impl.ManageServiceImpl.queryByCategory(ManageServiceImpl.java:47) - 查询列表pid:6id:1page:1
[17:05:55:374] [DEBUG] - com.li.service.impl.ForeServiceImpl.queryNews(ForeServiceImpl.java:19) - 1532160212454
[17:09:33:625] [DEBUG] - com.li.service.impl.ManageServiceImpl.queryByCategory(ManageServiceImpl.java:47) - 查询列表pid:3id:2page:1
[17:09:33:628] [DEBUG] - com.li.service.impl.ManageServiceImpl.queryByCategory(ManageServiceImpl.java:47) - 查询列表pid:2id:1page:1
[17:09:33:633] [DEBUG] - com.li.service.impl.ManageServiceImpl.queryByCategory(ManageServiceImpl.java:47) - 查询列表pid:2id:2page:1
[17:09:33:635] [DEBUG] - com.li.service.impl.ManageServiceImpl.queryByCategory(ManageServiceImpl.java:47) - 查询列表pid:6id:1page:1
[17:09:34:271] [DEBUG] - com.li.service.impl.ManageServiceImpl.queryByCategory(ManageServiceImpl.java:47) - 查询列表pid:3id:2page:1
[17:09:34:276] [DEBUG] - com.li.service.impl.ManageServiceImpl.queryByCategory(ManageServiceImpl.java:47) - 查询列表pid:2id:1page:1
[17:09:34:280] [DEBUG] - com.li.service.impl.ManageServiceImpl.queryByCategory(ManageServiceImpl.java:47) - 查询列表pid:2id:2page:1
[17:09:34:282] [DEBUG] - com.li.service.impl.ManageServiceImpl.queryByCategory(ManageServiceImpl.java:47) - 查询列表pid:6id:1page:1
