20:38:40.810 DEBUG com.li.service.impl.ManageServiceImpl 49 queryByCategory - 查询列表pid:1id:1page:1
20:38:40.992 DEBUG com.li.service.impl.ForeServiceImpl 21 queryNews - 1532612768796
20:38:41.100 DEBUG com.li.service.impl.ManageServiceImpl 49 queryByCategory - 查询列表pid:3id:2page:1
20:38:41.108 DEBUG com.li.service.impl.ManageServiceImpl 49 queryByCategory - 查询列表pid:2id:1page:1
20:38:41.119 DEBUG com.li.service.impl.ManageServiceImpl 49 queryByCategory - 查询列表pid:2id:2page:1
20:38:41.128 DEBUG com.li.service.impl.ManageServiceImpl 49 queryByCategory - 查询列表pid:6id:1page:1
20:38:52.305 DEBUG com.li.security.MyUserDetailsService 28 loadUserByUsername - admin密码$2a$10$gHonI5g6zgRb0IUHOCP5Xe8hzAl2ptHBdd2Qnc4k8fL4AOTWrQINS
20:38:52.306 DEBUG com.li.security.MyUserDetailsService 36 loadUserByUsername - ADMIN
20:38:52.307 DEBUG com.li.security.MyUserDetailsService 36 loadUserByUsername - USER
20:38:52.413 DEBUG com.li.service.impl.ManageServiceImpl 86 selectCount - selectCount
20:38:52.417 DEBUG com.li.controller.LoginController 50 login - totalpage2
20:38:55.838 DEBUG com.li.service.impl.ForeServiceImpl 21 queryNews - 1532781113445
20:38:55.843 DEBUG com.li.controller.ManageController 164 update - titleImagenull
20:39:09.313 DEBUG com.li.controller.NewsImageController 65 uploadImage1 - 上传
20:39:09.323 DEBUG com.li.controller.NewsImageController 92 uploadImage1 - callback1fileUrl/displayImage/1531747421075.png
20:39:23.290 DEBUG com.li.controller.ForeController 43 query - 1
20:39:23.292 DEBUG com.li.service.impl.ManageServiceImpl 49 queryByCategory - 查询列表pid:2id:1page:1
20:39:23.299 DEBUG com.li.controller.ForeController 64 query - pid=2id=1的总数count:17
20:39:23.299 DEBUG com.li.controller.ForeController 75 query - 返回到news_info
20:39:26.058 DEBUG com.li.service.impl.ForeServiceImpl 21 queryNews - 1532781113445
20:39:46.321 DEBUG com.li.controller.ForeController 43 query - 1
20:39:46.322 DEBUG com.li.controller.ForeController 64 query - pid=2id=1的总数count:17
20:39:46.323 DEBUG com.li.controller.ForeController 75 query - 返回到news_info
20:40:54.130 DEBUG com.li.controller.LoginController 50 login - totalpage2
20:41:17.640 DEBUG com.li.controller.NewsImageController 65 uploadImage1 - 上传
20:41:17.643 DEBUG com.li.controller.NewsImageController 92 uploadImage1 - callback1fileUrl/displayImage/图片1.png
20:41:21.335 DEBUG com.li.controller.ManageController 100 insert - dsfdsg
20:41:21.356 DEBUG com.li.service.impl.ForeServiceImpl 21 queryNews - 1532781681337
20:41:35.127 DEBUG com.li.controller.ForeController 43 query - 1
20:41:35.128 DEBUG com.li.service.impl.ManageServiceImpl 49 queryByCategory - 查询列表pid:2id:1page:1
20:41:35.134 DEBUG com.li.service.impl.ManageServiceImpl 86 selectCount - selectCount
20:41:35.136 DEBUG com.li.controller.ForeController 64 query - pid=2id=1的总数count:18
20:41:35.137 DEBUG com.li.controller.ForeController 75 query - 返回到news_info
20:41:46.552 DEBUG com.li.controller.LoginController 50 login - totalpage2
20:41:48.208 DEBUG com.li.controller.ManageController 164 update - titleImagenull
20:42:14.087 DEBUG com.li.controller.ForeController 43 query - 1
20:42:14.088 DEBUG com.li.service.impl.ManageServiceImpl 49 queryByCategory - 查询列表pid:2id:1page:1
20:42:14.093 DEBUG com.li.controller.ForeController 64 query - pid=2id=1的总数count:18
20:42:14.094 DEBUG com.li.controller.ForeController 75 query - 返回到news_info
20:42:15.954 DEBUG com.li.service.impl.ForeServiceImpl 21 queryNews - 1532781681337
